[2020-12-05 12:00:47.415] [exthost] [info] extension host started
[2020-12-05 12:00:47.509] [exthost] [info] ExtensionService#_doActivateExtension vscode.microsoft-authentication {"startup":false,"extensionId":{"value":"vscode.microsoft-authentication","_lower":"vscode.microsoft-authentication"},"activationEvent":"onAuthenticationRequest:microsoft"}
[2020-12-05 12:00:47.509] [exthost] [info] ExtensionService#loadCommonJSModule file:///snap/code/50/usr/share/code/resources/app/extensions/microsoft-authentication/dist/extension.js
[2020-12-05 12:00:47.544] [exthost] [info] ExtensionService#_doActivateExtension vscode.debug-auto-launch {"startup":true,"extensionId":{"value":"vscode.debug-auto-launch","_lower":"vscode.debug-auto-launch"},"activationEvent":"*"}
[2020-12-05 12:00:47.545] [exthost] [info] ExtensionService#loadCommonJSModule file:///snap/code/50/usr/share/code/resources/app/extensions/debug-auto-launch/dist/extension
[2020-12-05 12:00:47.548] [exthost] [info] ExtensionService#_doActivateExtension vscode.emmet {"startup":true,"extensionId":{"value":"vscode.emmet","_lower":"vscode.emmet"},"activationEvent":"*"}
[2020-12-05 12:00:47.548] [exthost] [info] ExtensionService#loadCommonJSModule file:///snap/code/50/usr/share/code/resources/app/extensions/emmet/dist/node/emmetNodeMain
[2020-12-05 12:00:47.590] [exthost] [info] ExtensionService#_doActivateExtension vscode.git {"startup":true,"extensionId":{"value":"vscode.github","_lower":"vscode.github"},"activationEvent":"*"}
[2020-12-05 12:00:47.590] [exthost] [info] ExtensionService#loadCommonJSModule file:///snap/code/50/usr/share/code/resources/app/extensions/git/dist/main
[2020-12-05 12:00:47.609] [exthost] [info] ExtensionService#_doActivateExtension vscode.merge-conflict {"startup":true,"extensionId":{"value":"vscode.merge-conflict","_lower":"vscode.merge-conflict"},"activationEvent":"*"}
[2020-12-05 12:00:47.609] [exthost] [info] ExtensionService#loadCommonJSModule file:///snap/code/50/usr/share/code/resources/app/extensions/merge-conflict/dist/mergeConflictMain
[2020-12-05 12:00:47.612] [exthost] [info] ExtensionService#_doActivateExtension vscode.search-result {"startup":true,"extensionId":{"value":"vscode.search-result","_lower":"vscode.search-result"},"activationEvent":"*"}
[2020-12-05 12:00:47.613] [exthost] [info] ExtensionService#loadCommonJSModule file:///snap/code/50/usr/share/code/resources/app/extensions/search-result/dist/extension.js
[2020-12-05 12:00:47.614] [exthost] [info] ExtensionService#_doActivateExtension gencer.html-slim-scss-css-class-completion {"startup":true,"extensionId":{"value":"gencer.html-slim-scss-css-class-completion","_lower":"gencer.html-slim-scss-css-class-completion"},"activationEvent":"*"}
[2020-12-05 12:00:47.614] [exthost] [info] ExtensionService#loadCommonJSModule file:///root/.vscode/extensions/gencer.html-slim-scss-css-class-completion-1.7.8/dist/extension
[2020-12-05 12:00:47.826] [exthost] [info] ExtensionService#_doActivateExtension vscode.github {"startup":true,"extensionId":{"value":"vscode.github","_lower":"vscode.github"},"activationEvent":"*"}
[2020-12-05 12:00:47.826] [exthost] [info] ExtensionService#loadCommonJSModule file:///snap/code/50/usr/share/code/resources/app/extensions/github/dist/extension.js
[2020-12-05 12:00:47.833] [exthost] [info] eager extensions activated
[2020-12-05 12:00:47.833] [exthost] [info] ExtensionService#_doActivateExtension ms-vscode.js-debug {"startup":false,"extensionId":{"value":"ms-vscode.js-debug","_lower":"ms-vscode.js-debug"},"activationEvent":"onCommand:extension.js-debug.clearAutoAttachVariables"}
[2020-12-05 12:00:47.833] [exthost] [info] ExtensionService#loadCommonJSModule file:///snap/code/50/usr/share/code/resources/app/extensions/ms-vscode.js-debug/src/extension.js
[2020-12-05 12:00:47.923] [exthost] [info] ExtensionService#_doActivateExtension vscode.github-authentication {"startup":false,"extensionId":{"value":"vscode.github-authentication","_lower":"vscode.github-authentication"},"activationEvent":"onAuthenticationRequest:github"}
[2020-12-05 12:00:47.923] [exthost] [info] ExtensionService#loadCommonJSModule file:///snap/code/50/usr/share/code/resources/app/extensions/github-authentication/dist/extension.js
