Looking for git in: git
Using git 2.27.0 from git
> git rev-parse --git-dir
Open repository: /home/adiv/games
> git status -z -u
> git symbolic-ref --short HEAD
> git rev-parse master
> git rev-parse --symbolic-full-name master@{u}
fatal: no upstream configured for branch 'master'
> git for-each-ref --sort -committerdate --format %(refname) %(objectname)
> git remote --verbose
> git config --get commit.template
> git show --textconv :app/assets/stylesheets/shared.css.scss
> git ls-files --stage -- /home/adiv/games/app/assets/stylesheets/shared.css.scss
> git cat-file -s ad91ebe13f3bf8a2a24388d4de39ba76f6d7927f
> git check-ignore -v -z --stdin
> git check-ignore -v -z --stdin
> git check-ignore -v -z --stdin
> git check-ignore -v -z --stdin
> git check-ignore -v -z --stdin
> git check-ignore -v -z --stdin
> git status -z -u
> git symbolic-ref --short HEAD
> git rev-parse master
> git rev-parse --symbolic-full-name master@{u}
fatal: no upstream configured for branch 'master'
> git for-each-ref --sort -committerdate --format %(refname) %(objectname)
> git remote --verbose
> git config --get commit.template
> git show --textconv :app/assets/javascripts/api.js
> git ls-files --stage -- /home/adiv/games/app/assets/javascripts/api.js
> git check-ignore -v -z --stdin
> git status -z -u
> git symbolic-ref --short HEAD
> git rev-parse master
> git rev-parse --symbolic-full-name master@{u}
fatal: no upstream configured for branch 'master'
> git for-each-ref --sort -committerdate --format %(refname) %(objectname)
> git remote --verbose
> git config --get commit.template
> git status -z -u
> git symbolic-ref --short HEAD
> git rev-parse master
> git rev-parse --symbolic-full-name master@{u}
fatal: no upstream configured for branch 'master'
> git for-each-ref --sort -committerdate --format %(refname) %(objectname)
> git remote --verbose
> git config --get commit.template
> git status -z -u
> git symbolic-ref --short HEAD
> git rev-parse master
> git rev-parse --symbolic-full-name master@{u}
fatal: no upstream configured for branch 'master'
> git for-each-ref --sort -committerdate --format %(refname) %(objectname)
> git remote --verbose
> git config --get commit.template
> git show --textconv :app/assets/javascripts/application.js
> git ls-files --stage -- /home/adiv/games/app/assets/javascripts/application.js
> git cat-file -s 2539db62b316eb320e4c88287acc7f40622e1c83
> git status -z -u
> git symbolic-ref --short HEAD
> git rev-parse master
> git rev-parse --symbolic-full-name master@{u}
fatal: no upstream configured for branch 'master'
> git for-each-ref --sort -committerdate --format %(refname) %(objectname)
> git remote --verbose
> git config --get commit.template
> git show --textconv :app/assets/javascripts/api.js
> git ls-files --stage -- /home/adiv/games/app/assets/javascripts/api.js
> git status -z -u
> git symbolic-ref --short HEAD
> git rev-parse master
> git rev-parse --symbolic-full-name master@{u}
fatal: no upstream configured for branch 'master'
> git for-each-ref --sort -committerdate --format %(refname) %(objectname)
> git remote --verbose
> git config --get commit.template
> git status -z -u
> git symbolic-ref --short HEAD
> git rev-parse master
> git rev-parse --symbolic-full-name master@{u}
fatal: no upstream configured for branch 'master'
> git for-each-ref --sort -committerdate --format %(refname) %(objectname)
> git remote --verbose
> git config --get commit.template
> git check-ignore -v -z --stdin
> git check-ignore -v -z --stdin
> git check-ignore -v -z --stdin
> git status -z -u
> git symbolic-ref --short HEAD
> git rev-parse master
> git rev-parse --symbolic-full-name master@{u}
fatal: no upstream configured for branch 'master'
> git for-each-ref --sort -committerdate --format %(refname) %(objectname)
> git remote --verbose
> git config --get commit.template
> git check-ignore -v -z --stdin
> git check-ignore -v -z --stdin
> git show --textconv :app/views/devise/sessions/new.html.erb
> git ls-files --stage -- /home/adiv/games/app/views/devise/sessions/new.html.erb
> git cat-file -s 5ede96489dea7f622fa0302378cdb57518078b1b
> git show --textconv :app/assets/stylesheets/home.css.scss
> git ls-files --stage -- /home/adiv/games/app/assets/stylesheets/home.css.scss
> git cat-file -s 1580903568c02f8a2974e30022de3603d80576ac
> git show --textconv :app/assets/stylesheets/application.css.scss
> git ls-files --stage -- /home/adiv/games/app/assets/stylesheets/application.css.scss
> git cat-file -s 8bb19337c09d7c68ec8e4d60a9d839a847339f87
> git show --textconv :app/assets/stylesheets/devise.css.scss
> git ls-files --stage -- /home/adiv/games/app/assets/stylesheets/devise.css.scss
> git check-ignore -v -z --stdin
> git status -z -u
> git symbolic-ref --short HEAD
> git rev-parse master
> git rev-parse --symbolic-full-name master@{u}
fatal: no upstream configured for branch 'master'
> git for-each-ref --sort -committerdate --format %(refname) %(objectname)
> git remote --verbose
> git config --get commit.template
> git show --textconv :app/assets/stylesheets/home.css.scss
> git ls-files --stage -- /home/adiv/games/app/assets/stylesheets/home.css.scss
> git cat-file -s 1580903568c02f8a2974e30022de3603d80576ac
> git show --textconv :app/assets/stylesheets/shared.css.scss
> git ls-files --stage -- /home/adiv/games/app/assets/stylesheets/shared.css.scss
> git cat-file -s ad91ebe13f3bf8a2a24388d4de39ba76f6d7927f
> git show --textconv :app/assets/stylesheets/devise.css.scss
> git ls-files --stage -- /home/adiv/games/app/assets/stylesheets/devise.css.scss
> git show --textconv :app/assets/stylesheets/application.css.scss
> git ls-files --stage -- /home/adiv/games/app/assets/stylesheets/application.css.scss
> git cat-file -s 8bb19337c09d7c68ec8e4d60a9d839a847339f87
> git show --textconv :app/assets/stylesheets/devise.css.scss
> git ls-files --stage -- /home/adiv/games/app/assets/stylesheets/devise.css.scss
> git status -z -u
> git symbolic-ref --short HEAD
> git rev-parse master
> git rev-parse --symbolic-full-name master@{u}
fatal: no upstream configured for branch 'master'
> git for-each-ref --sort -committerdate --format %(refname) %(objectname)
> git remote --verbose
> git config --get commit.template
> git status -z -u
> git symbolic-ref --short HEAD
> git rev-parse master
> git rev-parse --symbolic-full-name master@{u}
fatal: no upstream configured for branch 'master'
> git for-each-ref --sort -committerdate --format %(refname) %(objectname)
> git remote --verbose
> git config --get commit.template
> git status -z -u
> git symbolic-ref --short HEAD
> git rev-parse master
> git rev-parse --symbolic-full-name master@{u}
fatal: no upstream configured for branch 'master'
> git for-each-ref --sort -committerdate --format %(refname) %(objectname)
> git remote --verbose
> git config --get commit.template
> git status -z -u
> git symbolic-ref --short HEAD
> git rev-parse master
> git rev-parse --symbolic-full-name master@{u}
fatal: no upstream configured for branch 'master'
> git for-each-ref --sort -committerdate --format %(refname) %(objectname)
> git remote --verbose
> git config --get commit.template
> git status -z -u
> git symbolic-ref --short HEAD
> git rev-parse master
> git rev-parse --symbolic-full-name master@{u}
fatal: no upstream configured for branch 'master'
> git for-each-ref --sort -committerdate --format %(refname) %(objectname)
> git remote --verbose
> git config --get commit.template
> git check-ignore -v -z --stdin
> git show --textconv :app/views/devise/shared/_links.html.erb
> git ls-files --stage -- /home/adiv/games/app/views/devise/shared/_links.html.erb
> git cat-file -s 084af701c69150d4234d0c64d81415a8f9ba763a
> git show --textconv :app/assets/stylesheets/devise.css.scss
> git ls-files --stage -- /home/adiv/games/app/assets/stylesheets/devise.css.scss
> git log --format=%H%n%aN%n%aE%n%at%n%ct%n%P%n%B -z -n21 -- /home/adiv/games/app/assets/stylesheets/devise.css.scss
> git check-ignore -v -z --stdin
> git status -z -u
> git symbolic-ref --short HEAD
> git rev-parse master
> git rev-parse --symbolic-full-name master@{u}
fatal: no upstream configured for branch 'master'
> git for-each-ref --sort -committerdate --format %(refname) %(objectname)
> git remote --verbose
> git config --get commit.template
> git show --textconv :app/adapters/igdbapi.rb
> git ls-files --stage -- /home/adiv/games/app/adapters/igdbapi.rb
> git check-ignore -v -z --stdin
> git status -z -u
> git symbolic-ref --short HEAD
> git rev-parse master
> git rev-parse --symbolic-full-name master@{u}
fatal: no upstream configured for branch 'master'
> git for-each-ref --sort -committerdate --format %(refname) %(objectname)
> git remote --verbose
> git config --get commit.template
> git show --textconv :app/models/user.rb
> git ls-files --stage -- /home/adiv/games/app/models/user.rb
> git cat-file -s 47567994e9c124940a403b36e6813f0097f614f5
> git show --textconv :app/adapters/igdbapi.rb
> git ls-files --stage -- /home/adiv/games/app/adapters/igdbapi.rb
> git status -z -u
> git symbolic-ref --short HEAD
> git rev-parse master
> git rev-parse --symbolic-full-name master@{u}
fatal: no upstream configured for branch 'master'
> git for-each-ref --sort -committerdate --format %(refname) %(objectname)
> git remote --verbose
> git config --get commit.template
> git show --textconv :app/models/user.rb
> git ls-files --stage -- /home/adiv/games/app/models/user.rb
> git cat-file -s 47567994e9c124940a403b36e6813f0097f614f5
> git show --textconv :app/adapters/igdbapi.rb
> git ls-files --stage -- /home/adiv/games/app/adapters/igdbapi.rb
> git status -z -u
> git symbolic-ref --short HEAD
> git rev-parse master
> git rev-parse --symbolic-full-name master@{u}
fatal: no upstream configured for branch 'master'
> git for-each-ref --sort -committerdate --format %(refname) %(objectname)
> git remote --verbose
> git config --get commit.template
> git check-ignore -v -z --stdin
> git show --textconv :app/mailers/application_mailer.rb
> git ls-files --stage -- /home/adiv/games/app/mailers/application_mailer.rb
> git cat-file -s 286b2239d139960190594225e0134fe1a5c05370
> git show --textconv :app/adapters/igdbapi.rb
> git ls-files --stage -- /home/adiv/games/app/adapters/igdbapi.rb
> git status -z -u
> git symbolic-ref --short HEAD
> git rev-parse master
> git rev-parse --symbolic-full-name master@{u}
fatal: no upstream configured for branch 'master'
> git for-each-ref --sort -committerdate --format %(refname) %(objectname)
> git remote --verbose
> git config --get commit.template
> git status -z -u
> git symbolic-ref --short HEAD
> git rev-parse master
> git rev-parse --symbolic-full-name master@{u}
fatal: no upstream configured for branch 'master'
> git for-each-ref --sort -committerdate --format %(refname) %(objectname)
> git remote --verbose
> git config --get commit.template
> git status -z -u
> git symbolic-ref --short HEAD
> git rev-parse master
> git rev-parse --symbolic-full-name master@{u}
fatal: no upstream configured for branch 'master'
> git for-each-ref --sort -committerdate --format %(refname) %(objectname)
> git remote --verbose
> git config --get commit.template
> git status -z -u
> git symbolic-ref --short HEAD
> git rev-parse master
> git rev-parse --symbolic-full-name master@{u}
fatal: no upstream configured for branch 'master'
> git for-each-ref --sort -committerdate --format %(refname) %(objectname)
> git remote --verbose
> git config --get commit.template
> git status -z -u
> git symbolic-ref --short HEAD
> git rev-parse master
> git rev-parse --symbolic-full-name master@{u}
fatal: no upstream configured for branch 'master'
> git for-each-ref --sort -committerdate --format %(refname) %(objectname)
> git remote --verbose
> git config --get commit.template
> git status -z -u
> git symbolic-ref --short HEAD
> git rev-parse master
> git rev-parse --symbolic-full-name master@{u}
fatal: no upstream configured for branch 'master'
> git for-each-ref --sort -committerdate --format %(refname) %(objectname)
> git remote --verbose
> git config --get commit.template
> git status -z -u
> git symbolic-ref --short HEAD
> git rev-parse master
> git rev-parse --symbolic-full-name master@{u}
fatal: no upstream configured for branch 'master'
> git for-each-ref --sort -committerdate --format %(refname) %(objectname)
> git remote --verbose
> git config --get commit.template
> git check-ignore -v -z --stdin
