Looking for git in: git
Using git 2.27.0 from git
> git rev-parse --git-dir
Open repository: /home/adiv/games
> git status -z -u
> git symbolic-ref --short HEAD
> git rev-parse master
> git rev-parse --symbolic-full-name master@{u}
> git rev-list --left-right master...refs/remotes/origin/master
> git for-each-ref --sort -committerdate --format %(refname) %(objectname) %(*objectname)
> git remote --verbose
> git config --get commit.template
> git show --textconv :db/schema.rb
> git ls-files --stage -- /home/adiv/games/db/schema.rb
> git cat-file -s 34679e824622e8bd2d0eef985c8c9f176837f660
> git check-ignore -v -z --stdin
> git check-ignore -v -z --stdin
> git show --textconv :app/views/games/show.html.haml
> git ls-files --stage -- /home/adiv/games/app/views/games/show.html.haml
> git cat-file -s f269b75c747ed8311ea1a3bf4c0bac04ce646e0d
> git status -z -u
> git symbolic-ref --short HEAD
> git rev-parse master
> git rev-parse --symbolic-full-name master@{u}
> git rev-list --left-right master...refs/remotes/origin/master
> git for-each-ref --sort -committerdate --format %(refname) %(objectname) %(*objectname)
> git remote --verbose
> git config --get commit.template
> git status -z -u
> git symbolic-ref --short HEAD
> git rev-parse master
> git rev-parse --symbolic-full-name master@{u}
> git rev-list --left-right master...refs/remotes/origin/master
> git for-each-ref --sort -committerdate --format %(refname) %(objectname) %(*objectname)
> git remote --verbose
> git config --get commit.template
> git status -z -u
> git symbolic-ref --short HEAD
> git rev-parse master
> git rev-parse --symbolic-full-name master@{u}
> git rev-list --left-right master...refs/remotes/origin/master
> git for-each-ref --sort -committerdate --format %(refname) %(objectname) %(*objectname)
> git remote --verbose
> git config --get commit.template
> git status -z -u
> git symbolic-ref --short HEAD
> git rev-parse master
> git rev-parse --symbolic-full-name master@{u}
> git rev-list --left-right master...refs/remotes/origin/master
> git for-each-ref --sort -committerdate --format %(refname) %(objectname) %(*objectname)
> git remote --verbose
> git config --get commit.template
> git status -z -u
> git symbolic-ref --short HEAD
> git rev-parse master
> git rev-parse --symbolic-full-name master@{u}
> git rev-list --left-right master...refs/remotes/origin/master
> git for-each-ref --sort -committerdate --format %(refname) %(objectname) %(*objectname)
> git remote --verbose
> git config --get commit.template
> git status -z -u
> git symbolic-ref --short HEAD
> git rev-parse master
> git rev-parse --symbolic-full-name master@{u}
> git rev-list --left-right master...refs/remotes/origin/master
> git for-each-ref --sort -committerdate --format %(refname) %(objectname) %(*objectname)
> git remote --verbose
> git config --get commit.template
> git status -z -u
> git symbolic-ref --short HEAD
> git rev-parse master
> git rev-parse --symbolic-full-name master@{u}
> git rev-list --left-right master...refs/remotes/origin/master
> git for-each-ref --sort -committerdate --format %(refname) %(objectname) %(*objectname)
> git remote --verbose
> git config --get commit.template
> git show --textconv :app/views/games/edit.html.haml
> git ls-files --stage -- /home/adiv/games/app/views/games/edit.html.haml
> git cat-file -s 6f8f085d6afc75498bff95bb22471ac892751335
> git show --textconv :app/views/games/_form.html.haml
> git ls-files --stage -- /home/adiv/games/app/views/games/_form.html.haml
> git cat-file -s fda38104b37b3158a5acc7430f86c46ecb99f6e4
> git show --textconv :app/views/home/home.html.haml
> git ls-files --stage -- /home/adiv/games/app/views/home/home.html.haml
> git cat-file -s 42cfe1cd3dc49f6a1037ea003c73bafd83ca2f5d
> git check-ignore -v -z --stdin
> git show --textconv :app/views/shared/_games.html.haml
> git ls-files --stage -- /home/adiv/games/app/views/shared/_games.html.haml
> git cat-file -s 342aca12bf2a835fba8e26fc24c6e89c654e3465
> git show --textconv :app/views/games/show.html.haml
> git ls-files --stage -- /home/adiv/games/app/views/games/show.html.haml
> git cat-file -s f269b75c747ed8311ea1a3bf4c0bac04ce646e0d
> git check-ignore -v -z --stdin
> git check-ignore -v -z --stdin
> git show --textconv :app/views/game_lists/show.html.haml
> git ls-files --stage -- /home/adiv/games/app/views/game_lists/show.html.haml
> git cat-file -s 2aff2de9787ab17e583363f58143b2c8e888538f
> git show --textconv :app/views/games/show.html.haml
> git ls-files --stage -- /home/adiv/games/app/views/games/show.html.haml
> git cat-file -s f269b75c747ed8311ea1a3bf4c0bac04ce646e0d
> git show --textconv :app/views/game_lists/show.html.haml
> git ls-files --stage -- /home/adiv/games/app/views/game_lists/show.html.haml
> git cat-file -s 2aff2de9787ab17e583363f58143b2c8e888538f
> git status -z -u
> git symbolic-ref --short HEAD
> git rev-parse master
> git rev-parse --symbolic-full-name master@{u}
> git rev-list --left-right master...refs/remotes/origin/master
> git for-each-ref --sort -committerdate --format %(refname) %(objectname) %(*objectname)
> git remote --verbose
> git config --get commit.template
> git status -z -u
> git symbolic-ref --short HEAD
> git rev-parse master
> git rev-parse --symbolic-full-name master@{u}
> git rev-list --left-right master...refs/remotes/origin/master
> git for-each-ref --sort -committerdate --format %(refname) %(objectname) %(*objectname)
> git remote --verbose
> git config --get commit.template
> git status -z -u
> git symbolic-ref --short HEAD
> git rev-parse master
> git rev-parse --symbolic-full-name master@{u}
> git rev-list --left-right master...refs/remotes/origin/master
> git for-each-ref --sort -committerdate --format %(refname) %(objectname) %(*objectname)
> git remote --verbose
> git config --get commit.template
> git status -z -u
> git symbolic-ref --short HEAD
> git rev-parse master
> git rev-parse --symbolic-full-name master@{u}
> git rev-list --left-right master...refs/remotes/origin/master
> git for-each-ref --sort -committerdate --format %(refname) %(objectname) %(*objectname)
> git remote --verbose
> git config --get commit.template
> git status -z -u
> git ls-files --stage -- /home/adiv/games/app/views/game_lists/show.html.haml
> git cat-file -s bfeab90e8d90935235782f3a0349b2b7a382dd4b
> git symbolic-ref --short HEAD
> git show --textconv :app/views/game_lists/show.html.haml
> git rev-parse master
> git rev-parse --symbolic-full-name master@{u}
> git rev-list --left-right master...refs/remotes/origin/master
> git for-each-ref --sort -committerdate --format %(refname) %(objectname) %(*objectname)
> git remote --verbose
> git config --get commit.template
> git status -z -u
> git symbolic-ref --short HEAD
> git rev-parse master
> git rev-parse --symbolic-full-name master@{u}
> git rev-list --left-right master...refs/remotes/origin/master
> git for-each-ref --sort -committerdate --format %(refname) %(objectname) %(*objectname)
> git remote --verbose
> git config --get commit.template
> git status -z -u
> git symbolic-ref --short HEAD
> git rev-parse master
> git rev-parse --symbolic-full-name master@{u}
> git rev-list --left-right master...refs/remotes/origin/master
> git for-each-ref --sort -committerdate --format %(refname) %(objectname) %(*objectname)
> git remote --verbose
> git show --textconv :app/views/games/show.html.haml
> git ls-files --stage -- /home/adiv/games/app/views/games/show.html.haml
> git config --get commit.template
> git cat-file -s 975383fd389faf794567e0a7827e504422e8a2d2
> git status -z -u
> git symbolic-ref --short HEAD
> git rev-parse master
> git rev-parse --symbolic-full-name master@{u}
> git rev-list --left-right master...refs/remotes/origin/master
> git for-each-ref --sort -committerdate --format %(refname) %(objectname) %(*objectname)
> git remote --verbose
> git config --get commit.template
> git show --textconv :app/views/shared/_games.html.haml
> git ls-files --stage -- /home/adiv/games/app/views/shared/_games.html.haml
> git cat-file -s 342aca12bf2a835fba8e26fc24c6e89c654e3465
> git status -z -u
> git symbolic-ref --short HEAD
> git rev-parse master
> git rev-parse --symbolic-full-name master@{u}
> git rev-list --left-right master...refs/remotes/origin/master
> git for-each-ref --sort -committerdate --format %(refname) %(objectname) %(*objectname)
> git remote --verbose
> git config --get commit.template
> git status -z -u
> git ls-files --stage -- /home/adiv/games/app/views/shared/_games.html.haml
> git symbolic-ref --short HEAD
> git cat-file -s 34dc675886709d0e7ff6505382126e0154bc9085
> git rev-parse master
> git rev-parse --symbolic-full-name master@{u}
> git rev-list --left-right master...refs/remotes/origin/master
> git show --textconv :app/views/shared/_games.html.haml
> git for-each-ref --sort -committerdate --format %(refname) %(objectname) %(*objectname)
> git remote --verbose
> git config --get commit.template
> git status -z -u
> git symbolic-ref --short HEAD
> git rev-parse master
> git rev-parse --symbolic-full-name master@{u}
> git rev-list --left-right master...refs/remotes/origin/master
> git for-each-ref --sort -committerdate --format %(refname) %(objectname) %(*objectname)
> git remote --verbose
> git config --get commit.template
> git check-ignore -v -z --stdin
> git show --textconv :config/environments/production.rb
> git ls-files --stage -- /home/adiv/games/config/environments/production.rb
> git cat-file -s cfe9128f24830b2ca0dd79915317f8e3f7d39680
> git status -z -u
> git symbolic-ref --short HEAD
> git rev-parse master
> git rev-parse --symbolic-full-name master@{u}
> git rev-list --left-right master...refs/remotes/origin/master
> git for-each-ref --sort -committerdate --format %(refname) %(objectname) %(*objectname)
> git remote --verbose
> git config --get commit.template
> git status -z -u
> git ls-files --stage -- /home/adiv/games/config/environments/production.rb
> git symbolic-ref --short HEAD
> git cat-file -s 494fa151f3bce40d5773a694ca7ffe165162e13e
> git rev-parse master
> git rev-parse --symbolic-full-name master@{u}
> git show --textconv :config/environments/production.rb
> git rev-list --left-right master...refs/remotes/origin/master
> git for-each-ref --sort -committerdate --format %(refname) %(objectname) %(*objectname)
> git remote --verbose
> git config --get commit.template
> git status -z -u
> git symbolic-ref --short HEAD
> git rev-parse master
> git rev-parse --symbolic-full-name master@{u}
> git rev-list --left-right master...refs/remotes/origin/master
> git for-each-ref --sort -committerdate --format %(refname) %(objectname) %(*objectname)
> git remote --verbose
> git config --get commit.template
> git status -z -u
> git symbolic-ref --short HEAD
> git rev-parse master
> git rev-parse --symbolic-full-name master@{u}
> git rev-list --left-right master...refs/remotes/origin/master
> git for-each-ref --sort -committerdate --format %(refname) %(objectname) %(*objectname)
> git remote --verbose
> git config --get commit.template
> git status -z -u
> git symbolic-ref --short HEAD
> git rev-parse master
> git rev-parse --symbolic-full-name master@{u}
> git rev-list --left-right master...refs/remotes/origin/master
> git for-each-ref --sort -committerdate --format %(refname) %(objectname) %(*objectname)
> git remote --verbose
> git config --get commit.template
> git show --textconv :app/views/game_lists/show.html.haml
> git ls-files --stage -- /home/adiv/games/app/views/game_lists/show.html.haml
> git cat-file -s 9b4f40e140a0cc5464eaa9135b1874fba6103f35
> git status -z -u
> git symbolic-ref --short HEAD
> git rev-parse master
> git rev-parse --symbolic-full-name master@{u}
> git rev-list --left-right master...refs/remotes/origin/master
> git for-each-ref --sort -committerdate --format %(refname) %(objectname) %(*objectname)
> git remote --verbose
> git config --get commit.template
> git show --textconv :app/views/shared/_games.html.haml
> git ls-files --stage -- /home/adiv/games/app/views/shared/_games.html.haml
> git cat-file -s 34dc675886709d0e7ff6505382126e0154bc9085
> git status -z -u
> git symbolic-ref --short HEAD
> git rev-parse master
> git rev-parse --symbolic-full-name master@{u}
> git rev-list --left-right master...refs/remotes/origin/master
> git for-each-ref --sort -committerdate --format %(refname) %(objectname) %(*objectname)
> git remote --verbose
> git config --get commit.template
> git show --textconv :app/views/games/show.html.haml
> git ls-files --stage -- /home/adiv/games/app/views/games/show.html.haml
> git cat-file -s 413c6b514c3178410e72a68a644f2c925cd5aeba
> git status -z -u
> git symbolic-ref --short HEAD
> git rev-parse master
> git rev-parse --symbolic-full-name master@{u}
> git rev-list --left-right master...refs/remotes/origin/master
> git for-each-ref --sort -committerdate --format %(refname) %(objectname) %(*objectname)
> git remote --verbose
> git config --get commit.template
> git show --textconv :config/environments/production.rb
> git ls-files --stage -- /home/adiv/games/config/environments/production.rb
> git cat-file -s 494fa151f3bce40d5773a694ca7ffe165162e13e
> git status -z -u
> git symbolic-ref --short HEAD
> git rev-parse master
> git rev-parse --symbolic-full-name master@{u}
> git rev-list --left-right master...refs/remotes/origin/master
> git for-each-ref --sort -committerdate --format %(refname) %(objectname) %(*objectname)
> git remote --verbose
> git config --get commit.template
> git status -z -u
> git symbolic-ref --short HEAD
> git rev-parse master
> git rev-parse --symbolic-full-name master@{u}
> git rev-list --left-right master...refs/remotes/origin/master
> git for-each-ref --sort -committerdate --format %(refname) %(objectname) %(*objectname)
> git remote --verbose
> git config --get commit.template
> git status -z -u
> git ls-files --stage -- /home/adiv/games/config/environments/production.rb
> git symbolic-ref --short HEAD
> git cat-file -s 494fa151f3bce40d5773a694ca7ffe165162e13e
> git rev-parse master
> git show --textconv :config/environments/production.rb
> git rev-parse --symbolic-full-name master@{u}
> git rev-list --left-right master...refs/remotes/origin/master
> git for-each-ref --sort -committerdate --format %(refname) %(objectname) %(*objectname)
> git remote --verbose
> git config --get commit.template
> git status -z -u
> git symbolic-ref --short HEAD
> git rev-parse master
> git rev-parse --symbolic-full-name master@{u}
> git rev-list --left-right master...refs/remotes/origin/master
> git for-each-ref --sort -committerdate --format %(refname) %(objectname) %(*objectname)
> git remote --verbose
> git config --get commit.template
> git show --textconv :app/views/shared/_footer.html.haml
> git ls-files --stage -- /home/adiv/games/app/views/shared/_footer.html.haml
> git cat-file -s b4e4071f432af280f6ddc7cbd323aa114fca8a53
> git status -z -u
> git symbolic-ref --short HEAD
> git rev-parse master
> git rev-parse --symbolic-full-name master@{u}
> git rev-list --left-right master...refs/remotes/origin/master
> git for-each-ref --sort -committerdate --format %(refname) %(objectname) %(*objectname)
> git remote --verbose
> git config --get commit.template
> git status -z -u
> git symbolic-ref --short HEAD
> git rev-parse master
> git rev-parse --symbolic-full-name master@{u}
> git rev-list --left-right master...refs/remotes/origin/master
> git for-each-ref --sort -committerdate --format %(refname) %(objectname) %(*objectname)
> git remote --verbose
> git config --get commit.template
