Looking for git in: git
Using git 2.27.0 from git
> git rev-parse --git-dir
Open repository: /home/adiv/notes
> git status -z -u
> git symbolic-ref --short HEAD
> git rev-parse main
> git rev-parse --symbolic-full-name main@{u}
> git rev-list --left-right main...refs/remotes/origin/main
> git for-each-ref --sort -committerdate --format %(refname) %(objectname)
> git remote --verbose
> git config --get commit.template
> git show --textconv :app/views/notes/edit.html.haml
> git ls-files --stage -- /home/adiv/notes/app/views/notes/edit.html.haml
> git cat-file -s eac81772a171ae87ee6db8e60c515155f4dd805a
> git check-ignore -v -z --stdin
> git check-ignore -v -z --stdin
> git show --textconv :test/controllers/home_controller_test.rb
> git ls-files --stage -- /home/adiv/notes/test/controllers/home_controller_test.rb
> git cat-file -s 371f7d57c01de7778f4beac7a8070a5f8b7a3caa
> git check-ignore -v -z --stdin
