Looking for git in: git
Using git 2.27.0 from git
> git rev-parse --git-dir
Open repository: /home/adiv/notes
> git status -z -u
> git symbolic-ref --short HEAD
> git rev-parse main
> git rev-parse --symbolic-full-name main@{u}
> git rev-list --left-right main...refs/remotes/origin/main
> git for-each-ref --sort -committerdate --format %(refname) %(objectname) %(*objectname)
> git remote --verbose
> git config --get commit.template
> git check-ignore -v -z --stdin
> git show --textconv :db/schema.rb
> git ls-files --stage -- /home/adiv/notes/db/schema.rb
> git cat-file -s 4aac75b4c430f754a3ea3c1a4a5fd9bee1152c4c
> git show --textconv :test/fixtures/tasks.yml
> git ls-files --stage -- /home/adiv/notes/test/fixtures/tasks.yml
> git cat-file -s 4046fe77051d4d379c49306173888fdad40a54d8
> git check-ignore -v -z --stdin
> git show --textconv :test/fixtures/notes.yml
> git ls-files --stage -- /home/adiv/notes/test/fixtures/notes.yml
> git cat-file -s a04a03b46f35f5605bfc4827c99bd56fe5c544a5
> git show --textconv :test/fixtures/tasks.yml
> git ls-files --stage -- /home/adiv/notes/test/fixtures/tasks.yml
> git cat-file -s 4046fe77051d4d379c49306173888fdad40a54d8
