[2020-12-05 12:00:53.462] [exthost] [info] extension host started
[2020-12-05 12:00:53.738] [exthost] [info] ExtensionService#_doActivateExtension vscode.microsoft-authentication {"startup":false,"extensionId":{"value":"vscode.microsoft-authentication","_lower":"vscode.microsoft-authentication"},"activationEvent":"onAuthenticationRequest:microsoft"}
[2020-12-05 12:00:53.738] [exthost] [info] ExtensionService#loadCommonJSModule file:///snap/code/50/usr/share/code/resources/app/extensions/microsoft-authentication/dist/extension.js
[2020-12-05 12:00:53.776] [exthost] [info] ExtensionService#_doActivateExtension aki77.rails-routes {"startup":false,"extensionId":{"value":"aki77.rails-routes","_lower":"aki77.rails-routes"},"activationEvent":"onLanguage:haml"}
[2020-12-05 12:00:53.777] [exthost] [info] ExtensionService#loadCommonJSModule file:///root/.vscode/extensions/aki77.rails-routes-0.4.1/out/extension
[2020-12-05 12:00:53.941] [exthost] [info] ExtensionService#_doActivateExtension karunamurti.haml {"startup":false,"extensionId":{"value":"karunamurti.haml","_lower":"karunamurti.haml"},"activationEvent":"onLanguage:haml"}
[2020-12-05 12:00:53.942] [exthost] [info] ExtensionService#loadCommonJSModule file:///root/.vscode/extensions/karunamurti.haml-1.3.1/haml
[2020-12-05 12:00:53.948] [exthost] [info] ExtensionService#_doActivateExtension vscode.debug-auto-launch {"startup":true,"extensionId":{"value":"vscode.debug-auto-launch","_lower":"vscode.debug-auto-launch"},"activationEvent":"*"}
[2020-12-05 12:00:53.948] [exthost] [info] ExtensionService#loadCommonJSModule file:///snap/code/50/usr/share/code/resources/app/extensions/debug-auto-launch/dist/extension
[2020-12-05 12:00:53.955] [exthost] [info] ExtensionService#_doActivateExtension vscode.emmet {"startup":true,"extensionId":{"value":"vscode.emmet","_lower":"vscode.emmet"},"activationEvent":"*"}
[2020-12-05 12:00:53.955] [exthost] [info] ExtensionService#loadCommonJSModule file:///snap/code/50/usr/share/code/resources/app/extensions/emmet/dist/node/emmetNodeMain
[2020-12-05 12:00:54.018] [exthost] [info] ExtensionService#_doActivateExtension vscode.git {"startup":true,"extensionId":{"value":"vscode.github","_lower":"vscode.github"},"activationEvent":"*"}
[2020-12-05 12:00:54.018] [exthost] [info] ExtensionService#loadCommonJSModule file:///snap/code/50/usr/share/code/resources/app/extensions/git/dist/main
[2020-12-05 12:00:54.055] [exthost] [info] ExtensionService#_doActivateExtension vscode.merge-conflict {"startup":true,"extensionId":{"value":"vscode.merge-conflict","_lower":"vscode.merge-conflict"},"activationEvent":"*"}
[2020-12-05 12:00:54.055] [exthost] [info] ExtensionService#loadCommonJSModule file:///snap/code/50/usr/share/code/resources/app/extensions/merge-conflict/dist/mergeConflictMain
[2020-12-05 12:00:54.060] [exthost] [info] ExtensionService#_doActivateExtension vscode.search-result {"startup":true,"extensionId":{"value":"vscode.search-result","_lower":"vscode.search-result"},"activationEvent":"*"}
[2020-12-05 12:00:54.060] [exthost] [info] ExtensionService#loadCommonJSModule file:///snap/code/50/usr/share/code/resources/app/extensions/search-result/dist/extension.js
[2020-12-05 12:00:54.062] [exthost] [info] ExtensionService#_doActivateExtension gencer.html-slim-scss-css-class-completion {"startup":true,"extensionId":{"value":"gencer.html-slim-scss-css-class-completion","_lower":"gencer.html-slim-scss-css-class-completion"},"activationEvent":"*"}
[2020-12-05 12:00:54.062] [exthost] [info] ExtensionService#loadCommonJSModule file:///root/.vscode/extensions/gencer.html-slim-scss-css-class-completion-1.7.8/dist/extension
[2020-12-05 12:00:54.210] [exthost] [info] ExtensionService#_doActivateExtension vscode.npm {"startup":true,"extensionId":{"value":"vscode.npm","_lower":"vscode.npm"},"activationEvent":"workspaceContains:package.json"}
[2020-12-05 12:00:54.210] [exthost] [info] ExtensionService#loadCommonJSModule file:///snap/code/50/usr/share/code/resources/app/extensions/npm/dist/npmMain
[2020-12-05 12:00:55.181] [exthost] [info] ExtensionService#_doActivateExtension ms-vscode.js-debug {"startup":false,"extensionId":{"value":"ms-vscode.js-debug","_lower":"ms-vscode.js-debug"},"activationEvent":"onCommand:extension.js-debug.clearAutoAttachVariables"}
[2020-12-05 12:00:55.189] [exthost] [info] ExtensionService#loadCommonJSModule file:///snap/code/50/usr/share/code/resources/app/extensions/ms-vscode.js-debug/src/extension.js
[2020-12-05 12:00:55.561] [exthost] [info] ExtensionService#_doActivateExtension vscode.github {"startup":false,"extensionId":{"value":"vscode.github","_lower":"vscode.github"},"activationEvent":"*"}
[2020-12-05 12:00:55.566] [exthost] [info] ExtensionService#loadCommonJSModule file:///snap/code/50/usr/share/code/resources/app/extensions/github/dist/extension.js
[2020-12-05 12:00:55.690] [exthost] [info] eager extensions activated
[2020-12-05 12:00:55.830] [exthost] [info] ExtensionService#_doActivateExtension vscode.github-authentication {"startup":false,"extensionId":{"value":"vscode.github-authentication","_lower":"vscode.github-authentication"},"activationEvent":"onAuthenticationRequest:github"}
[2020-12-05 12:00:55.830] [exthost] [info] ExtensionService#loadCommonJSModule file:///snap/code/50/usr/share/code/resources/app/extensions/github-authentication/dist/extension.js
[2020-12-05 12:00:59.279] [exthost] [info] ExtensionService#_doActivateExtension vscode.css-language-features {"startup":false,"extensionId":{"value":"vscode.css-language-features","_lower":"vscode.css-language-features"},"activationEvent":"onLanguage:scss"}
[2020-12-05 12:00:59.280] [exthost] [info] ExtensionService#loadCommonJSModule file:///snap/code/50/usr/share/code/resources/app/extensions/css-language-features/client/dist/node/cssClientMain
[2020-12-05 12:06:25.023] [exthost] [info] ExtensionService#_doActivateExtension vscode.typescript-language-features {"startup":false,"extensionId":{"value":"vscode.typescript-language-features","_lower":"vscode.typescript-language-features"},"activationEvent":"onLanguage:javascript"}
[2020-12-05 12:06:25.024] [exthost] [info] ExtensionService#loadCommonJSModule file:///snap/code/50/usr/share/code/resources/app/extensions/typescript-language-features/dist/extension
