[2020-12-05 11:49:14.219] [exthost] [info] extension host started
[2020-12-05 11:49:14.338] [exthost] [info] ExtensionService#_doActivateExtension vscode.microsoft-authentication {"startup":false,"extensionId":{"value":"vscode.microsoft-authentication","_lower":"vscode.microsoft-authentication"},"activationEvent":"onAuthenticationRequest:microsoft"}
[2020-12-05 11:49:14.339] [exthost] [info] ExtensionService#loadCommonJSModule file:///snap/code/50/usr/share/code/resources/app/extensions/microsoft-authentication/dist/extension.js
[2020-12-05 11:49:14.419] [exthost] [info] ExtensionService#_doActivateExtension aki77.rails-routes {"startup":false,"extensionId":{"value":"aki77.rails-routes","_lower":"aki77.rails-routes"},"activationEvent":"onLanguage:haml"}
[2020-12-05 11:49:14.419] [exthost] [info] ExtensionService#loadCommonJSModule file:///root/.vscode/extensions/aki77.rails-routes-0.4.1/out/extension
[2020-12-05 11:49:20.768] [exthost] [info] ExtensionService#_doActivateExtension karunamurti.haml {"startup":false,"extensionId":{"value":"karunamurti.haml","_lower":"karunamurti.haml"},"activationEvent":"onLanguage:haml"}
[2020-12-05 11:49:20.768] [exthost] [info] ExtensionService#loadCommonJSModule file:///root/.vscode/extensions/karunamurti.haml-1.3.1/haml
[2020-12-05 11:49:20.935] [exthost] [info] ExtensionService#_doActivateExtension vscode.debug-auto-launch {"startup":true,"extensionId":{"value":"vscode.debug-auto-launch","_lower":"vscode.debug-auto-launch"},"activationEvent":"*"}
[2020-12-05 11:49:20.935] [exthost] [info] ExtensionService#loadCommonJSModule file:///snap/code/50/usr/share/code/resources/app/extensions/debug-auto-launch/dist/extension
[2020-12-05 11:49:20.992] [exthost] [info] ExtensionService#_doActivateExtension vscode.emmet {"startup":true,"extensionId":{"value":"vscode.emmet","_lower":"vscode.emmet"},"activationEvent":"*"}
[2020-12-05 11:49:20.992] [exthost] [info] ExtensionService#loadCommonJSModule file:///snap/code/50/usr/share/code/resources/app/extensions/emmet/dist/node/emmetNodeMain
[2020-12-05 11:49:21.064] [exthost] [info] ExtensionService#_doActivateExtension vscode.git {"startup":true,"extensionId":{"value":"vscode.github","_lower":"vscode.github"},"activationEvent":"*"}
[2020-12-05 11:49:21.064] [exthost] [info] ExtensionService#loadCommonJSModule file:///snap/code/50/usr/share/code/resources/app/extensions/git/dist/main
[2020-12-05 11:49:21.172] [exthost] [info] ExtensionService#_doActivateExtension vscode.merge-conflict {"startup":true,"extensionId":{"value":"vscode.merge-conflict","_lower":"vscode.merge-conflict"},"activationEvent":"*"}
[2020-12-05 11:49:21.172] [exthost] [info] ExtensionService#loadCommonJSModule file:///snap/code/50/usr/share/code/resources/app/extensions/merge-conflict/dist/mergeConflictMain
[2020-12-05 11:49:21.192] [exthost] [info] ExtensionService#_doActivateExtension vscode.search-result {"startup":true,"extensionId":{"value":"vscode.search-result","_lower":"vscode.search-result"},"activationEvent":"*"}
[2020-12-05 11:49:21.192] [exthost] [info] ExtensionService#loadCommonJSModule file:///snap/code/50/usr/share/code/resources/app/extensions/search-result/dist/extension.js
[2020-12-05 11:49:21.207] [exthost] [info] ExtensionService#_doActivateExtension gencer.html-slim-scss-css-class-completion {"startup":true,"extensionId":{"value":"gencer.html-slim-scss-css-class-completion","_lower":"gencer.html-slim-scss-css-class-completion"},"activationEvent":"*"}
[2020-12-05 11:49:21.207] [exthost] [info] ExtensionService#loadCommonJSModule file:///root/.vscode/extensions/gencer.html-slim-scss-css-class-completion-1.7.8/dist/extension
[2020-12-05 11:49:21.518] [exthost] [info] ExtensionService#_doActivateExtension vscode.npm {"startup":true,"extensionId":{"value":"vscode.npm","_lower":"vscode.npm"},"activationEvent":"workspaceContains:package.json"}
[2020-12-05 11:49:21.518] [exthost] [info] ExtensionService#loadCommonJSModule file:///snap/code/50/usr/share/code/resources/app/extensions/npm/dist/npmMain
[2020-12-05 11:49:22.191] [exthost] [info] ExtensionService#_doActivateExtension ms-vscode.js-debug {"startup":false,"extensionId":{"value":"ms-vscode.js-debug","_lower":"ms-vscode.js-debug"},"activationEvent":"onCommand:extension.js-debug.clearAutoAttachVariables"}
[2020-12-05 11:49:22.191] [exthost] [info] ExtensionService#loadCommonJSModule file:///snap/code/50/usr/share/code/resources/app/extensions/ms-vscode.js-debug/src/extension.js
[2020-12-05 11:49:22.647] [exthost] [info] ExtensionService#_doActivateExtension vscode.github {"startup":false,"extensionId":{"value":"vscode.github","_lower":"vscode.github"},"activationEvent":"*"}
[2020-12-05 11:49:22.648] [exthost] [info] ExtensionService#loadCommonJSModule file:///snap/code/50/usr/share/code/resources/app/extensions/github/dist/extension.js
[2020-12-05 11:49:22.817] [exthost] [info] ExtensionService#_doActivateExtension vscode.github-authentication {"startup":false,"extensionId":{"value":"vscode.github-authentication","_lower":"vscode.github-authentication"},"activationEvent":"onAuthenticationRequest:github"}
[2020-12-05 11:49:22.817] [exthost] [info] ExtensionService#loadCommonJSModule file:///snap/code/50/usr/share/code/resources/app/extensions/github-authentication/dist/extension.js
[2020-12-05 11:49:23.381] [exthost] [info] eager extensions activated
[2020-12-05 11:52:07.651] [exthost] [info] extension host started
[2020-12-05 11:52:07.744] [exthost] [info] ExtensionService#_doActivateExtension vscode.microsoft-authentication {"startup":false,"extensionId":{"value":"vscode.microsoft-authentication","_lower":"vscode.microsoft-authentication"},"activationEvent":"onAuthenticationRequest:microsoft"}
[2020-12-05 11:52:07.744] [exthost] [info] ExtensionService#loadCommonJSModule file:///snap/code/50/usr/share/code/resources/app/extensions/microsoft-authentication/dist/extension.js
[2020-12-05 11:52:07.757] [exthost] [info] ExtensionService#_doActivateExtension vscode.image-preview {"startup":false,"extensionId":{"value":"vscode.image-preview","_lower":"vscode.image-preview"},"activationEvent":"onCustomEditor:imagePreview.previewEditor"}
[2020-12-05 11:52:07.759] [exthost] [info] ExtensionService#loadCommonJSModule file:///snap/code/50/usr/share/code/resources/app/extensions/image-preview/dist/extension
[2020-12-05 11:52:07.830] [exthost] [info] ExtensionService#_doActivateExtension vscode.debug-auto-launch {"startup":true,"extensionId":{"value":"vscode.debug-auto-launch","_lower":"vscode.debug-auto-launch"},"activationEvent":"*"}
[2020-12-05 11:52:07.831] [exthost] [info] ExtensionService#loadCommonJSModule file:///snap/code/50/usr/share/code/resources/app/extensions/debug-auto-launch/dist/extension
[2020-12-05 11:52:07.843] [exthost] [info] ExtensionService#_doActivateExtension vscode.emmet {"startup":true,"extensionId":{"value":"vscode.emmet","_lower":"vscode.emmet"},"activationEvent":"*"}
[2020-12-05 11:52:07.843] [exthost] [info] ExtensionService#loadCommonJSModule file:///snap/code/50/usr/share/code/resources/app/extensions/emmet/dist/node/emmetNodeMain
[2020-12-05 11:52:07.861] [exthost] [info] ExtensionService#_doActivateExtension vscode.git {"startup":true,"extensionId":{"value":"vscode.github","_lower":"vscode.github"},"activationEvent":"*"}
[2020-12-05 11:52:07.861] [exthost] [info] ExtensionService#loadCommonJSModule file:///snap/code/50/usr/share/code/resources/app/extensions/git/dist/main
[2020-12-05 11:52:07.879] [exthost] [info] ExtensionService#_doActivateExtension vscode.merge-conflict {"startup":true,"extensionId":{"value":"vscode.merge-conflict","_lower":"vscode.merge-conflict"},"activationEvent":"*"}
[2020-12-05 11:52:07.880] [exthost] [info] ExtensionService#loadCommonJSModule file:///snap/code/50/usr/share/code/resources/app/extensions/merge-conflict/dist/mergeConflictMain
[2020-12-05 11:52:07.881] [exthost] [info] ExtensionService#_doActivateExtension vscode.search-result {"startup":true,"extensionId":{"value":"vscode.search-result","_lower":"vscode.search-result"},"activationEvent":"*"}
[2020-12-05 11:52:07.881] [exthost] [info] ExtensionService#loadCommonJSModule file:///snap/code/50/usr/share/code/resources/app/extensions/search-result/dist/extension.js
[2020-12-05 11:52:07.882] [exthost] [info] ExtensionService#_doActivateExtension gencer.html-slim-scss-css-class-completion {"startup":true,"extensionId":{"value":"gencer.html-slim-scss-css-class-completion","_lower":"gencer.html-slim-scss-css-class-completion"},"activationEvent":"*"}
[2020-12-05 11:52:07.882] [exthost] [info] ExtensionService#loadCommonJSModule file:///root/.vscode/extensions/gencer.html-slim-scss-css-class-completion-1.7.8/dist/extension
[2020-12-05 11:52:07.955] [exthost] [info] ExtensionService#_doActivateExtension vscode.npm {"startup":true,"extensionId":{"value":"vscode.npm","_lower":"vscode.npm"},"activationEvent":"workspaceContains:package.json"}
[2020-12-05 11:52:07.955] [exthost] [info] ExtensionService#loadCommonJSModule file:///snap/code/50/usr/share/code/resources/app/extensions/npm/dist/npmMain
[2020-12-05 11:52:08.375] [exthost] [warning] [Decorations] CAPPING events from decorations provider vscode.git 464
[2020-12-05 11:52:08.643] [exthost] [info] ExtensionService#_doActivateExtension ms-vscode.js-debug {"startup":false,"extensionId":{"value":"ms-vscode.js-debug","_lower":"ms-vscode.js-debug"},"activationEvent":"onCommand:extension.js-debug.clearAutoAttachVariables"}
[2020-12-05 11:52:08.643] [exthost] [info] ExtensionService#loadCommonJSModule file:///snap/code/50/usr/share/code/resources/app/extensions/ms-vscode.js-debug/src/extension.js
[2020-12-05 11:52:08.893] [exthost] [info] ExtensionService#_doActivateExtension vscode.github {"startup":false,"extensionId":{"value":"vscode.github","_lower":"vscode.github"},"activationEvent":"*"}
[2020-12-05 11:52:08.907] [exthost] [info] ExtensionService#loadCommonJSModule file:///snap/code/50/usr/share/code/resources/app/extensions/github/dist/extension.js
[2020-12-05 11:52:09.122] [exthost] [info] eager extensions activated
[2020-12-05 11:52:09.140] [exthost] [info] ExtensionService#_doActivateExtension vscode.github-authentication {"startup":false,"extensionId":{"value":"vscode.github-authentication","_lower":"vscode.github-authentication"},"activationEvent":"onAuthenticationRequest:github"}
[2020-12-05 11:52:09.141] [exthost] [info] ExtensionService#loadCommonJSModule file:///snap/code/50/usr/share/code/resources/app/extensions/github-authentication/dist/extension.js
[2020-12-05 11:53:22.331] [exthost] [info] ExtensionService#_doActivateExtension aki77.rails-routes {"startup":false,"extensionId":{"value":"aki77.rails-routes","_lower":"aki77.rails-routes"},"activationEvent":"onLanguage:haml"}
[2020-12-05 11:53:22.332] [exthost] [info] ExtensionService#loadCommonJSModule file:///root/.vscode/extensions/aki77.rails-routes-0.4.1/out/extension
[2020-12-05 11:53:22.506] [exthost] [info] ExtensionService#_doActivateExtension karunamurti.haml {"startup":false,"extensionId":{"value":"karunamurti.haml","_lower":"karunamurti.haml"},"activationEvent":"onLanguage:haml"}
[2020-12-05 11:53:22.525] [exthost] [info] ExtensionService#loadCommonJSModule file:///root/.vscode/extensions/karunamurti.haml-1.3.1/haml
[2020-12-05 11:54:24.415] [exthost] [warning] [Decorations] CAPPING events from decorations provider vscode.git 466
[2020-12-05 11:54:28.988] [exthost] [info] ExtensionService#_doActivateExtension vscode.css-language-features {"startup":false,"extensionId":{"value":"vscode.css-language-features","_lower":"vscode.css-language-features"},"activationEvent":"onLanguage:scss"}
[2020-12-05 11:54:28.988] [exthost] [info] ExtensionService#loadCommonJSModule file:///snap/code/50/usr/share/code/resources/app/extensions/css-language-features/client/dist/node/cssClientMain
[2020-12-05 11:54:29.634] [exthost] [warning] [Decorations] CAPPING events from decorations provider vscode.git 466
[2020-12-05 11:55:01.715] [exthost] [warning] [Decorations] CAPPING events from decorations provider vscode.git 466
[2020-12-05 11:55:06.781] [exthost] [warning] [Decorations] CAPPING events from decorations provider vscode.git 466
[2020-12-05 11:57:58.375] [exthost] [warning] [Decorations] CAPPING events from decorations provider vscode.git 466
[2020-12-05 12:01:05.132] [exthost] [warning] [Decorations] CAPPING events from decorations provider vscode.git 482
[2020-12-05 12:01:29.469] [exthost] [warning] [Decorations] CAPPING events from decorations provider vscode.git 482
[2020-12-05 12:02:26.902] [exthost] [warning] [Decorations] CAPPING events from decorations provider vscode.git 482
[2020-12-05 12:02:33.425] [exthost] [warning] [Decorations] CAPPING events from decorations provider vscode.git 482
[2020-12-05 12:02:50.934] [exthost] [warning] [Decorations] CAPPING events from decorations provider vscode.git 482
[2020-12-05 12:04:17.715] [exthost] [warning] [Decorations] CAPPING events from decorations provider vscode.git 482
[2020-12-05 12:04:22.774] [exthost] [warning] [Decorations] CAPPING events from decorations provider vscode.git 482
[2020-12-05 12:04:47.627] [exthost] [warning] [Decorations] CAPPING events from decorations provider vscode.git 482
[2020-12-05 12:04:52.701] [exthost] [warning] [Decorations] CAPPING events from decorations provider vscode.git 482
[2020-12-05 12:05:23.805] [exthost] [warning] [Decorations] CAPPING events from decorations provider vscode.git 482
[2020-12-05 12:05:30.399] [exthost] [warning] [Decorations] CAPPING events from decorations provider vscode.git 482
[2020-12-05 12:05:42.996] [exthost] [warning] [Decorations] CAPPING events from decorations provider vscode.git 482
[2020-12-05 12:05:48.063] [exthost] [warning] [Decorations] CAPPING events from decorations provider vscode.git 482
[2020-12-05 12:05:53.164] [exthost] [warning] [Decorations] CAPPING events from decorations provider vscode.git 482
[2020-12-05 12:06:07.220] [exthost] [info] ExtensionService#_doActivateExtension rebornix.ruby {"startup":false,"extensionId":{"value":"rebornix.ruby","_lower":"rebornix.ruby"},"activationEvent":"onLanguage:ruby"}
[2020-12-05 12:06:07.220] [exthost] [info] ExtensionService#loadCommonJSModule file:///root/.vscode/extensions/rebornix.ruby-0.27.0/dist/client/ruby.js
[2020-12-05 12:06:22.321] [exthost] [info] ExtensionService#_doActivateExtension vscode.typescript-language-features {"startup":false,"extensionId":{"value":"vscode.typescript-language-features","_lower":"vscode.typescript-language-features"},"activationEvent":"onLanguage:javascript"}
[2020-12-05 12:06:22.321] [exthost] [info] ExtensionService#loadCommonJSModule file:///snap/code/50/usr/share/code/resources/app/extensions/typescript-language-features/dist/extension
[2020-12-05 12:11:48.339] [exthost] [warning] [Decorations] CAPPING events from decorations provider vscode.git 485
[2020-12-05 12:12:01.783] [exthost] [warning] [Decorations] CAPPING events from decorations provider vscode.git 485
[2020-12-05 12:12:06.873] [exthost] [warning] [Decorations] CAPPING events from decorations provider vscode.git 485
[2020-12-05 12:12:19.125] [exthost] [warning] [Decorations] CAPPING events from decorations provider vscode.git 485
[2020-12-05 12:12:34.884] [exthost] [warning] [Decorations] CAPPING events from decorations provider vscode.git 485
[2020-12-05 12:14:44.064] [exthost] [warning] [Decorations] CAPPING events from decorations provider vscode.git 486
[2020-12-05 12:19:03.346] [exthost] [warning] [Decorations] CAPPING events from decorations provider vscode.git 487
[2020-12-05 12:19:54.350] [exthost] [warning] [Decorations] CAPPING events from decorations provider vscode.git 503
[2020-12-05 12:19:59.404] [exthost] [warning] [Decorations] CAPPING events from decorations provider vscode.git 503
[2020-12-05 12:20:35.806] [exthost] [warning] [Decorations] CAPPING events from decorations provider vscode.git 503
[2020-12-05 12:20:49.227] [exthost] [warning] [Decorations] CAPPING events from decorations provider vscode.git 502
[2020-12-05 12:21:02.264] [exthost] [warning] [Decorations] CAPPING events from decorations provider vscode.git 502
[2020-12-05 12:21:07.334] [exthost] [warning] [Decorations] CAPPING events from decorations provider vscode.git 502
[2020-12-05 12:21:15.592] [exthost] [warning] [Decorations] CAPPING events from decorations provider vscode.git 502
[2020-12-05 12:23:17.907] [exthost] [warning] [Decorations] CAPPING events from decorations provider vscode.git 502
[2020-12-05 12:23:22.977] [exthost] [warning] [Decorations] CAPPING events from decorations provider vscode.git 502
[2020-12-05 12:23:28.627] [exthost] [warning] [Decorations] CAPPING events from decorations provider vscode.git 502
[2020-12-05 12:23:33.794] [exthost] [warning] [Decorations] CAPPING events from decorations provider vscode.git 502
[2020-12-05 12:24:24.591] [exthost] [warning] [Decorations] CAPPING events from decorations provider vscode.git 502
[2020-12-05 12:24:29.673] [exthost] [warning] [Decorations] CAPPING events from decorations provider vscode.git 502
[2020-12-05 12:24:47.393] [exthost] [warning] [Decorations] CAPPING events from decorations provider vscode.git 502
[2020-12-05 12:24:55.739] [exthost] [warning] [Decorations] CAPPING events from decorations provider vscode.git 502
[2020-12-05 12:25:17.372] [exthost] [warning] [Decorations] CAPPING events from decorations provider vscode.git 502
[2020-12-05 12:25:22.526] [exthost] [warning] [Decorations] CAPPING events from decorations provider vscode.git 502
[2020-12-05 12:26:00.786] [exthost] [warning] [Decorations] CAPPING events from decorations provider vscode.git 502
[2020-12-05 12:26:05.845] [exthost] [warning] [Decorations] CAPPING events from decorations provider vscode.git 502
[2020-12-05 12:26:14.222] [exthost] [warning] [Decorations] CAPPING events from decorations provider vscode.git 502
[2020-12-05 12:28:38.549] [exthost] [warning] [Decorations] CAPPING events from decorations provider vscode.git 502
[2020-12-05 12:38:22.129] [exthost] [warning] [Decorations] CAPPING events from decorations provider vscode.git 502
[2020-12-05 12:38:27.208] [exthost] [warning] [Decorations] CAPPING events from decorations provider vscode.git 502
[2020-12-05 12:39:41.708] [exthost] [warning] [Decorations] CAPPING events from decorations provider vscode.git 502
[2020-12-05 12:39:46.768] [exthost] [warning] [Decorations] CAPPING events from decorations provider vscode.git 502
[2020-12-05 12:40:49.794] [exthost] [warning] [Decorations] CAPPING events from decorations provider vscode.git 502
[2020-12-05 12:40:54.885] [exthost] [warning] [Decorations] CAPPING events from decorations provider vscode.git 502
[2020-12-05 12:41:38.877] [exthost] [warning] [Decorations] CAPPING events from decorations provider vscode.git 502
[2020-12-05 12:41:53.974] [exthost] [warning] [Decorations] CAPPING events from decorations provider vscode.git 502
[2020-12-05 12:42:00.980] [exthost] [warning] [Decorations] CAPPING events from decorations provider vscode.git 502
[2020-12-05 12:43:53.584] [exthost] [warning] [Decorations] CAPPING events from decorations provider vscode.git 502
[2020-12-05 12:44:40.355] [exthost] [warning] [Decorations] CAPPING events from decorations provider vscode.git 502
[2020-12-05 12:44:45.420] [exthost] [warning] [Decorations] CAPPING events from decorations provider vscode.git 502
[2020-12-05 12:44:50.468] [exthost] [warning] [Decorations] CAPPING events from decorations provider vscode.git 502
[2020-12-05 12:46:36.098] [exthost] [warning] [Decorations] CAPPING events from decorations provider vscode.git 502
[2020-12-05 12:46:48.410] [exthost] [warning] [Decorations] CAPPING events from decorations provider vscode.git 502
[2020-12-05 12:47:03.966] [exthost] [warning] [Decorations] CAPPING events from decorations provider vscode.git 502
[2020-12-05 12:47:22.718] [exthost] [warning] [Decorations] CAPPING events from decorations provider vscode.git 503
[2020-12-05 12:48:08.792] [exthost] [warning] [Decorations] CAPPING events from decorations provider vscode.git 504
[2020-12-05 12:48:13.891] [exthost] [warning] [Decorations] CAPPING events from decorations provider vscode.git 504
[2020-12-05 12:48:18.954] [exthost] [warning] [Decorations] CAPPING events from decorations provider vscode.git 504
[2020-12-05 12:50:05.914] [exthost] [warning] [Decorations] CAPPING events from decorations provider vscode.git 504
[2020-12-05 12:51:21.409] [exthost] [warning] [Decorations] CAPPING events from decorations provider vscode.git 504
[2020-12-05 12:51:26.482] [exthost] [warning] [Decorations] CAPPING events from decorations provider vscode.git 504
[2020-12-05 12:54:43.302] [exthost] [warning] [Decorations] CAPPING events from decorations provider vscode.git 505
[2020-12-05 12:54:58.519] [exthost] [warning] [Decorations] CAPPING events from decorations provider vscode.git 505
[2020-12-05 12:55:59.108] [exthost] [warning] [Decorations] CAPPING events from decorations provider vscode.git 504
[2020-12-05 12:56:04.190] [exthost] [warning] [Decorations] CAPPING events from decorations provider vscode.git 504
[2020-12-05 12:57:17.292] [exthost] [warning] [Decorations] CAPPING events from decorations provider vscode.git 504
[2020-12-05 12:57:22.389] [exthost] [warning] [Decorations] CAPPING events from decorations provider vscode.git 504
[2020-12-05 12:57:53.447] [exthost] [warning] [Decorations] CAPPING events from decorations provider vscode.git 504
[2020-12-05 12:58:29.125] [exthost] [warning] [Decorations] CAPPING events from decorations provider vscode.git 504
[2020-12-05 12:58:34.278] [exthost] [warning] [Decorations] CAPPING events from decorations provider vscode.git 504
[2020-12-05 12:59:31.591] [exthost] [warning] [Decorations] CAPPING events from decorations provider vscode.git 504
[2020-12-05 12:59:44.808] [exthost] [warning] [Decorations] CAPPING events from decorations provider vscode.git 504
[2020-12-05 13:00:19.264] [exthost] [warning] [Decorations] CAPPING events from decorations provider vscode.git 504
[2020-12-05 13:00:24.381] [exthost] [warning] [Decorations] CAPPING events from decorations provider vscode.git 504
[2020-12-05 13:00:50.680] [exthost] [warning] [Decorations] CAPPING events from decorations provider vscode.git 504
[2020-12-05 13:01:23.919] [exthost] [warning] [Decorations] CAPPING events from decorations provider vscode.git 504
[2020-12-05 13:01:41.531] [exthost] [warning] [Decorations] CAPPING events from decorations provider vscode.git 504
[2020-12-05 13:01:46.631] [exthost] [warning] [Decorations] CAPPING events from decorations provider vscode.git 504
[2020-12-05 13:02:38.262] [exthost] [warning] [Decorations] CAPPING events from decorations provider vscode.git 504
[2020-12-05 13:03:37.984] [exthost] [warning] [Decorations] CAPPING events from decorations provider vscode.git 504
[2020-12-05 13:04:45.537] [exthost] [warning] [Decorations] CAPPING events from decorations provider vscode.git 504
[2020-12-05 13:04:50.620] [exthost] [warning] [Decorations] CAPPING events from decorations provider vscode.git 504
[2020-12-05 13:04:55.676] [exthost] [warning] [Decorations] CAPPING events from decorations provider vscode.git 504
[2020-12-05 13:05:19.482] [exthost] [warning] [Decorations] CAPPING events from decorations provider vscode.git 504
[2020-12-05 13:05:24.566] [exthost] [warning] [Decorations] CAPPING events from decorations provider vscode.git 504
[2020-12-05 13:05:44.599] [exthost] [warning] [Decorations] CAPPING events from decorations provider vscode.git 504
[2020-12-05 13:05:49.681] [exthost] [warning] [Decorations] CAPPING events from decorations provider vscode.git 504
[2020-12-05 13:07:38.181] [exthost] [warning] [Decorations] CAPPING events from decorations provider vscode.git 504
[2020-12-05 13:07:48.015] [exthost] [warning] [Decorations] CAPPING events from decorations provider vscode.git 504
[2020-12-05 13:07:53.102] [exthost] [warning] [Decorations] CAPPING events from decorations provider vscode.git 504
[2020-12-05 13:08:14.956] [exthost] [warning] [Decorations] CAPPING events from decorations provider vscode.git 504
[2020-12-05 13:08:20.029] [exthost] [warning] [Decorations] CAPPING events from decorations provider vscode.git 504
[2020-12-05 13:10:02.830] [exthost] [warning] [Decorations] CAPPING events from decorations provider vscode.git 504
[2020-12-05 13:10:08.057] [exthost] [warning] [Decorations] CAPPING events from decorations provider vscode.git 504
[2020-12-05 13:10:48.976] [exthost] [warning] [Decorations] CAPPING events from decorations provider vscode.git 504
[2020-12-05 13:11:06.218] [exthost] [warning] [Decorations] CAPPING events from decorations provider vscode.git 504
[2020-12-05 13:11:59.040] [exthost] [warning] [Decorations] CAPPING events from decorations provider vscode.git 504
[2020-12-05 13:12:38.323] [exthost] [warning] [Decorations] CAPPING events from decorations provider vscode.git 504
[2020-12-05 13:13:11.316] [exthost] [warning] [Decorations] CAPPING events from decorations provider vscode.git 504
[2020-12-05 13:14:29.939] [exthost] [warning] [Decorations] CAPPING events from decorations provider vscode.git 504
[2020-12-05 13:15:12.660] [exthost] [warning] [Decorations] CAPPING events from decorations provider vscode.git 504
[2020-12-05 13:15:31.539] [exthost] [warning] [Decorations] CAPPING events from decorations provider vscode.git 504
[2020-12-05 13:16:05.337] [exthost] [warning] [Decorations] CAPPING events from decorations provider vscode.git 504
[2020-12-05 13:17:02.388] [exthost] [warning] [Decorations] CAPPING events from decorations provider vscode.git 504
[2020-12-05 13:17:07.553] [exthost] [warning] [Decorations] CAPPING events from decorations provider vscode.git 504
[2020-12-05 13:17:36.093] [exthost] [warning] [Decorations] CAPPING events from decorations provider vscode.git 504
[2020-12-05 13:17:41.193] [exthost] [warning] [Decorations] CAPPING events from decorations provider vscode.git 505
[2020-12-05 13:17:46.258] [exthost] [warning] [Decorations] CAPPING events from decorations provider vscode.git 505
[2020-12-05 13:18:11.806] [exthost] [warning] [Decorations] CAPPING events from decorations provider vscode.git 504
[2020-12-05 13:21:10.428] [exthost] [warning] [Decorations] CAPPING events from decorations provider vscode.git 505
[2020-12-05 13:21:19.345] [exthost] [warning] [Decorations] CAPPING events from decorations provider vscode.git 505
[2020-12-05 13:21:28.665] [exthost] [warning] [Decorations] CAPPING events from decorations provider vscode.git 505
[2020-12-05 13:21:45.276] [exthost] [warning] [Decorations] CAPPING events from decorations provider vscode.git 504
[2020-12-05 13:21:53.696] [exthost] [warning] [Decorations] CAPPING events from decorations provider vscode.git 504
[2020-12-05 13:22:11.860] [exthost] [warning] [Decorations] CAPPING events from decorations provider vscode.git 504
[2020-12-05 13:22:27.739] [exthost] [warning] [Decorations] CAPPING events from decorations provider vscode.git 504
[2020-12-05 13:22:57.429] [exthost] [warning] [Decorations] CAPPING events from decorations provider vscode.git 504
[2020-12-05 13:23:02.488] [exthost] [warning] [Decorations] CAPPING events from decorations provider vscode.git 504
[2020-12-05 13:26:38.305] [exthost] [warning] [Decorations] CAPPING events from decorations provider vscode.git 504
[2020-12-05 13:26:43.443] [exthost] [warning] [Decorations] CAPPING events from decorations provider vscode.git 504
[2020-12-05 13:26:49.283] [exthost] [warning] [Decorations] CAPPING events from decorations provider vscode.git 504
[2020-12-05 13:27:53.968] [exthost] [warning] [Decorations] CAPPING events from decorations provider vscode.git 504
[2020-12-05 13:27:59.060] [exthost] [warning] [Decorations] CAPPING events from decorations provider vscode.git 504
[2020-12-05 13:28:15.349] [exthost] [warning] [Decorations] CAPPING events from decorations provider vscode.git 504
[2020-12-05 13:28:57.340] [exthost] [warning] [Decorations] CAPPING events from decorations provider vscode.git 504
[2020-12-05 13:29:06.502] [exthost] [warning] [Decorations] CAPPING events from decorations provider vscode.git 504
[2020-12-05 13:29:17.157] [exthost] [warning] [Decorations] CAPPING events from decorations provider vscode.git 504
[2020-12-05 13:29:53.494] [exthost] [warning] [Decorations] CAPPING events from decorations provider vscode.git 504
[2020-12-05 13:30:07.481] [exthost] [warning] [Decorations] CAPPING events from decorations provider vscode.git 504
[2020-12-05 13:30:26.709] [exthost] [warning] [Decorations] CAPPING events from decorations provider vscode.git 504
[2020-12-05 13:30:37.678] [exthost] [warning] [Decorations] CAPPING events from decorations provider vscode.git 504
[2020-12-05 13:32:21.820] [exthost] [warning] [Decorations] CAPPING events from decorations provider vscode.git 504
[2020-12-05 13:32:26.885] [exthost] [warning] [Decorations] CAPPING events from decorations provider vscode.git 504
[2020-12-05 13:33:02.693] [exthost] [warning] [Decorations] CAPPING events from decorations provider vscode.git 504
[2020-12-05 13:33:07.767] [exthost] [warning] [Decorations] CAPPING events from decorations provider vscode.git 504
[2020-12-05 13:34:01.811] [exthost] [warning] [Decorations] CAPPING events from decorations provider vscode.git 504
[2020-12-05 13:34:06.905] [exthost] [warning] [Decorations] CAPPING events from decorations provider vscode.git 504
[2020-12-05 13:34:11.981] [exthost] [warning] [Decorations] CAPPING events from decorations provider vscode.git 504
[2020-12-05 13:35:11.736] [exthost] [warning] [Decorations] CAPPING events from decorations provider vscode.git 504
[2020-12-05 13:35:16.941] [exthost] [warning] [Decorations] CAPPING events from decorations provider vscode.git 504
[2020-12-05 13:35:24.198] [exthost] [warning] [Decorations] CAPPING events from decorations provider vscode.git 504
[2020-12-05 13:35:29.284] [exthost] [warning] [Decorations] CAPPING events from decorations provider vscode.git 504
[2020-12-05 13:35:59.734] [exthost] [warning] [Decorations] CAPPING events from decorations provider vscode.git 504
[2020-12-05 13:36:04.890] [exthost] [warning] [Decorations] CAPPING events from decorations provider vscode.git 504
[2020-12-05 13:39:31.327] [exthost] [warning] [Decorations] CAPPING events from decorations provider vscode.git 504
[2020-12-05 13:39:36.391] [exthost] [warning] [Decorations] CAPPING events from decorations provider vscode.git 504
[2020-12-05 13:41:34.812] [exthost] [warning] [Decorations] CAPPING events from decorations provider vscode.git 504
[2020-12-05 13:41:39.883] [exthost] [warning] [Decorations] CAPPING events from decorations provider vscode.git 504
[2020-12-05 13:41:51.912] [exthost] [warning] [Decorations] CAPPING events from decorations provider vscode.git 504
[2020-12-05 13:42:25.660] [exthost] [warning] [Decorations] CAPPING events from decorations provider vscode.git 504
[2020-12-05 13:43:36.560] [exthost] [warning] [Decorations] CAPPING events from decorations provider vscode.git 504
[2020-12-05 13:43:53.248] [exthost] [warning] [Decorations] CAPPING events from decorations provider vscode.git 504
[2020-12-05 13:44:08.109] [exthost] [warning] [Decorations] CAPPING events from decorations provider vscode.git 504
[2020-12-05 13:44:18.076] [exthost] [warning] [Decorations] CAPPING events from decorations provider vscode.git 504
[2020-12-05 13:44:27.293] [exthost] [warning] [Decorations] CAPPING events from decorations provider vscode.git 503
[2020-12-05 13:47:29.247] [exthost] [warning] [Decorations] CAPPING events from decorations provider vscode.git 503
[2020-12-05 13:51:16.724] [exthost] [warning] [Decorations] CAPPING events from decorations provider vscode.git 503
[2020-12-05 13:51:21.784] [exthost] [warning] [Decorations] CAPPING events from decorations provider vscode.git 503
[2020-12-05 13:56:03.098] [exthost] [warning] [Decorations] CAPPING events from decorations provider vscode.git 503
[2020-12-05 13:56:14.464] [exthost] [warning] [Decorations] CAPPING events from decorations provider vscode.git 503
[2020-12-05 13:56:31.547] [exthost] [warning] [Decorations] CAPPING events from decorations provider vscode.git 503
[2020-12-05 13:59:06.675] [exthost] [warning] [Decorations] CAPPING events from decorations provider vscode.git 503
[2020-12-05 13:59:33.340] [exthost] [warning] [Decorations] CAPPING events from decorations provider vscode.git 503
[2020-12-05 13:59:44.122] [exthost] [warning] [Decorations] CAPPING events from decorations provider vscode.git 503
[2020-12-05 14:00:46.732] [exthost] [warning] [Decorations] CAPPING events from decorations provider vscode.git 503
[2020-12-05 14:00:58.778] [exthost] [warning] [Decorations] CAPPING events from decorations provider vscode.git 503
[2020-12-05 14:01:23.983] [exthost] [warning] [Decorations] CAPPING events from decorations provider vscode.git 503
[2020-12-05 14:01:29.206] [exthost] [warning] [Decorations] CAPPING events from decorations provider vscode.git 503
[2020-12-05 14:03:22.835] [exthost] [warning] [Decorations] CAPPING events from decorations provider vscode.git 503
[2020-12-05 14:03:34.741] [exthost] [warning] [Decorations] CAPPING events from decorations provider vscode.git 503
[2020-12-05 14:05:57.571] [exthost] [warning] [Decorations] CAPPING events from decorations provider vscode.git 503
[2020-12-05 14:06:03.925] [exthost] [warning] [Decorations] CAPPING events from decorations provider vscode.git 503
[2020-12-05 14:07:34.502] [exthost] [warning] [Decorations] CAPPING events from decorations provider vscode.git 503
[2020-12-05 14:07:44.537] [exthost] [warning] [Decorations] CAPPING events from decorations provider vscode.git 503
[2020-12-05 14:07:54.944] [exthost] [warning] [Decorations] CAPPING events from decorations provider vscode.git 503
[2020-12-05 14:08:00.019] [exthost] [warning] [Decorations] CAPPING events from decorations provider vscode.git 503
[2020-12-05 14:08:13.947] [exthost] [warning] [Decorations] CAPPING events from decorations provider vscode.git 503
[2020-12-05 14:08:57.316] [exthost] [info] ExtensionService#_doActivateExtension vscode.html-language-features {"startup":false,"extensionId":{"value":"vscode.html-language-features","_lower":"vscode.html-language-features"},"activationEvent":"onLanguage:html"}
[2020-12-05 14:08:57.324] [exthost] [info] ExtensionService#loadCommonJSModule file:///snap/code/50/usr/share/code/resources/app/extensions/html-language-features/client/dist/node/htmlClientMain
[2020-12-05 14:08:59.883] [exthost] [warning] [Decorations] CAPPING events from decorations provider vscode.git 503
[2020-12-05 14:09:05.006] [exthost] [warning] [Decorations] CAPPING events from decorations provider vscode.git 504
[2020-12-05 14:09:14.483] [exthost] [warning] [Decorations] CAPPING events from decorations provider vscode.git 504
[2020-12-05 14:09:19.578] [exthost] [warning] [Decorations] CAPPING events from decorations provider vscode.git 504
[2020-12-05 14:09:52.099] [exthost] [warning] [Decorations] CAPPING events from decorations provider vscode.git 504
[2020-12-05 14:09:57.192] [exthost] [warning] [Decorations] CAPPING events from decorations provider vscode.git 504
[2020-12-05 14:10:17.274] [exthost] [warning] [Decorations] CAPPING events from decorations provider vscode.git 504
[2020-12-05 14:10:40.257] [exthost] [warning] [Decorations] CAPPING events from decorations provider vscode.git 504
[2020-12-05 14:10:45.352] [exthost] [warning] [Decorations] CAPPING events from decorations provider vscode.git 504
[2020-12-05 14:10:50.415] [exthost] [warning] [Decorations] CAPPING events from decorations provider vscode.git 504
[2020-12-05 14:11:18.013] [exthost] [warning] [Decorations] CAPPING events from decorations provider vscode.git 504
[2020-12-05 14:11:23.155] [exthost] [warning] [Decorations] CAPPING events from decorations provider vscode.git 504
[2020-12-05 14:11:33.897] [exthost] [warning] [Decorations] CAPPING events from decorations provider vscode.git 504
[2020-12-05 14:11:48.971] [exthost] [warning] [Decorations] CAPPING events from decorations provider vscode.git 504
[2020-12-05 14:11:54.114] [exthost] [warning] [Decorations] CAPPING events from decorations provider vscode.git 504
[2020-12-05 14:12:05.594] [exthost] [warning] [Decorations] CAPPING events from decorations provider vscode.git 504
[2020-12-05 14:12:10.672] [exthost] [warning] [Decorations] CAPPING events from decorations provider vscode.git 504
[2020-12-05 14:12:16.360] [exthost] [warning] [Decorations] CAPPING events from decorations provider vscode.git 504
[2020-12-05 14:12:23.267] [exthost] [warning] [Decorations] CAPPING events from decorations provider vscode.git 504
[2020-12-05 14:12:28.352] [exthost] [warning] [Decorations] CAPPING events from decorations provider vscode.git 504
[2020-12-05 14:12:37.180] [exthost] [warning] [Decorations] CAPPING events from decorations provider vscode.git 504
[2020-12-05 14:12:42.295] [exthost] [warning] [Decorations] CAPPING events from decorations provider vscode.git 504
[2020-12-05 14:12:47.966] [exthost] [warning] [Decorations] CAPPING events from decorations provider vscode.git 504
[2020-12-05 14:12:56.695] [exthost] [warning] [Decorations] CAPPING events from decorations provider vscode.git 504
[2020-12-05 14:13:01.778] [exthost] [warning] [Decorations] CAPPING events from decorations provider vscode.git 504
[2020-12-05 14:14:25.555] [exthost] [warning] [Decorations] CAPPING events from decorations provider vscode.git 504
[2020-12-05 14:14:30.649] [exthost] [warning] [Decorations] CAPPING events from decorations provider vscode.git 504
[2020-12-05 14:14:35.731] [exthost] [warning] [Decorations] CAPPING events from decorations provider vscode.git 504
[2020-12-05 14:14:50.899] [exthost] [warning] [Decorations] CAPPING events from decorations provider vscode.git 504
[2020-12-05 14:15:02.971] [exthost] [warning] [Decorations] CAPPING events from decorations provider vscode.git 504
[2020-12-05 14:15:45.400] [exthost] [warning] [Decorations] CAPPING events from decorations provider vscode.git 504
[2020-12-05 14:15:50.495] [exthost] [warning] [Decorations] CAPPING events from decorations provider vscode.git 504
[2020-12-05 14:16:07.394] [exthost] [warning] [Decorations] CAPPING events from decorations provider vscode.git 504
[2020-12-05 14:16:12.489] [exthost] [warning] [Decorations] CAPPING events from decorations provider vscode.git 504
[2020-12-05 14:16:22.502] [exthost] [warning] [Decorations] CAPPING events from decorations provider vscode.git 504
[2020-12-05 14:16:27.660] [exthost] [warning] [Decorations] CAPPING events from decorations provider vscode.git 504
[2020-12-05 14:16:49.476] [exthost] [warning] [Decorations] CAPPING events from decorations provider vscode.git 504
[2020-12-05 14:16:54.594] [exthost] [warning] [Decorations] CAPPING events from decorations provider vscode.git 505
[2020-12-05 14:18:03.247] [exthost] [warning] [Decorations] CAPPING events from decorations provider vscode.git 505
[2020-12-05 14:18:08.357] [exthost] [warning] [Decorations] CAPPING events from decorations provider vscode.git 504
[2020-12-05 14:18:16.166] [exthost] [warning] [Decorations] CAPPING events from decorations provider vscode.git 504
[2020-12-05 14:18:25.033] [exthost] [warning] [Decorations] CAPPING events from decorations provider vscode.git 504
[2020-12-05 14:18:40.700] [exthost] [warning] [Decorations] CAPPING events from decorations provider vscode.git 504
[2020-12-05 14:18:45.771] [exthost] [warning] [Decorations] CAPPING events from decorations provider vscode.git 505
[2020-12-05 14:18:55.880] [exthost] [warning] [Decorations] CAPPING events from decorations provider vscode.git 505
[2020-12-05 14:19:00.979] [exthost] [warning] [Decorations] CAPPING events from decorations provider vscode.git 504
[2020-12-05 14:19:11.185] [exthost] [warning] [Decorations] CAPPING events from decorations provider vscode.git 504
[2020-12-05 14:19:20.231] [exthost] [warning] [Decorations] CAPPING events from decorations provider vscode.git 504
[2020-12-05 14:19:25.303] [exthost] [warning] [Decorations] CAPPING events from decorations provider vscode.git 505
[2020-12-05 14:20:09.454] [exthost] [warning] [Decorations] CAPPING events from decorations provider vscode.git 505
[2020-12-05 14:20:14.580] [exthost] [warning] [Decorations] CAPPING events from decorations provider vscode.git 504
[2020-12-05 14:21:01.341] [exthost] [warning] [Decorations] CAPPING events from decorations provider vscode.git 504
[2020-12-05 14:21:13.086] [exthost] [warning] [Decorations] CAPPING events from decorations provider vscode.git 504
[2020-12-05 14:21:28.256] [exthost] [warning] [Decorations] CAPPING events from decorations provider vscode.git 504
[2020-12-05 14:21:33.328] [exthost] [warning] [Decorations] CAPPING events from decorations provider vscode.git 504
[2020-12-05 14:22:12.707] [exthost] [warning] [Decorations] CAPPING events from decorations provider vscode.git 504
[2020-12-05 14:22:17.801] [exthost] [warning] [Decorations] CAPPING events from decorations provider vscode.git 504
[2020-12-05 14:22:43.779] [exthost] [warning] [Decorations] CAPPING events from decorations provider vscode.git 504
[2020-12-05 14:23:01.036] [exthost] [warning] [Decorations] CAPPING events from decorations provider vscode.git 504
[2020-12-05 14:29:37.098] [exthost] [warning] [Decorations] CAPPING events from decorations provider vscode.git 504
[2020-12-05 14:30:06.443] [exthost] [warning] [Decorations] CAPPING events from decorations provider vscode.git 504
[2020-12-05 14:30:18.543] [exthost] [warning] [Decorations] CAPPING events from decorations provider vscode.git 504
[2020-12-05 14:30:27.885] [exthost] [warning] [Decorations] CAPPING events from decorations provider vscode.git 504
[2020-12-05 14:30:39.482] [exthost] [warning] [Decorations] CAPPING events from decorations provider vscode.git 504
[2020-12-05 14:30:44.553] [exthost] [warning] [Decorations] CAPPING events from decorations provider vscode.git 504
[2020-12-05 14:31:11.086] [exthost] [warning] [Decorations] CAPPING events from decorations provider vscode.git 504
[2020-12-05 14:31:22.787] [exthost] [warning] [Decorations] CAPPING events from decorations provider vscode.git 504
[2020-12-05 14:31:38.939] [exthost] [warning] [Decorations] CAPPING events from decorations provider vscode.git 504
[2020-12-05 14:32:12.291] [exthost] [warning] [Decorations] CAPPING events from decorations provider vscode.git 504
[2020-12-05 14:32:17.398] [exthost] [warning] [Decorations] CAPPING events from decorations provider vscode.git 504
[2020-12-05 14:32:22.505] [exthost] [warning] [Decorations] CAPPING events from decorations provider vscode.git 504
[2020-12-05 14:32:29.245] [exthost] [warning] [Decorations] CAPPING events from decorations provider vscode.git 504
[2020-12-05 14:32:34.360] [exthost] [warning] [Decorations] CAPPING events from decorations provider vscode.git 504
[2020-12-05 14:32:39.437] [exthost] [warning] [Decorations] CAPPING events from decorations provider vscode.git 504
[2020-12-05 14:34:42.637] [exthost] [warning] [Decorations] CAPPING events from decorations provider vscode.git 504
[2020-12-05 14:36:08.685] [exthost] [warning] [Decorations] CAPPING events from decorations provider vscode.git 504
[2020-12-05 14:41:15.853] [exthost] [warning] [Decorations] CAPPING events from decorations provider vscode.git 504
[2020-12-05 14:42:57.383] [exthost] [warning] [Decorations] CAPPING events from decorations provider vscode.git 504
[2020-12-05 14:43:09.222] [exthost] [warning] [Decorations] CAPPING events from decorations provider vscode.git 504
[2020-12-05 14:43:25.526] [exthost] [warning] [Decorations] CAPPING events from decorations provider vscode.git 504
[2020-12-05 14:43:30.627] [exthost] [warning] [Decorations] CAPPING events from decorations provider vscode.git 504
[2020-12-05 14:44:09.978] [exthost] [warning] [Decorations] CAPPING events from decorations provider vscode.git 504
[2020-12-05 14:44:17.143] [exthost] [warning] [Decorations] CAPPING events from decorations provider vscode.git 504
[2020-12-05 14:44:23.120] [exthost] [warning] [Decorations] CAPPING events from decorations provider vscode.git 504
[2020-12-05 14:45:08.542] [exthost] [warning] [Decorations] CAPPING events from decorations provider vscode.git 504
[2020-12-05 14:45:30.158] [exthost] [warning] [Decorations] CAPPING events from decorations provider vscode.git 504
[2020-12-05 14:45:42.641] [exthost] [warning] [Decorations] CAPPING events from decorations provider vscode.git 504
[2020-12-05 14:46:38.104] [exthost] [warning] [Decorations] CAPPING events from decorations provider vscode.git 504
[2020-12-05 14:46:48.584] [exthost] [warning] [Decorations] CAPPING events from decorations provider vscode.git 504
[2020-12-05 14:47:01.807] [exthost] [warning] [Decorations] CAPPING events from decorations provider vscode.git 504
[2020-12-05 14:47:49.235] [exthost] [warning] [Decorations] CAPPING events from decorations provider vscode.git 504
[2020-12-05 14:47:54.332] [exthost] [warning] [Decorations] CAPPING events from decorations provider vscode.git 504
[2020-12-05 14:48:09.742] [exthost] [warning] [Decorations] CAPPING events from decorations provider vscode.git 504
[2020-12-05 14:48:14.905] [exthost] [warning] [Decorations] CAPPING events from decorations provider vscode.git 504
[2020-12-05 14:48:40.783] [exthost] [warning] [Decorations] CAPPING events from decorations provider vscode.git 504
[2020-12-05 14:48:50.919] [exthost] [warning] [Decorations] CAPPING events from decorations provider vscode.git 504
[2020-12-05 14:49:36.261] [exthost] [warning] [Decorations] CAPPING events from decorations provider vscode.git 504
[2020-12-05 14:49:41.341] [exthost] [warning] [Decorations] CAPPING events from decorations provider vscode.git 504
[2020-12-05 14:50:07.301] [exthost] [warning] [Decorations] CAPPING events from decorations provider vscode.git 504
[2020-12-05 14:50:17.311] [exthost] [warning] [Decorations] CAPPING events from decorations provider vscode.git 504
[2020-12-05 14:50:46.907] [exthost] [warning] [Decorations] CAPPING events from decorations provider vscode.git 504
[2020-12-05 14:51:02.709] [exthost] [warning] [Decorations] CAPPING events from decorations provider vscode.git 504
[2020-12-05 14:51:07.777] [exthost] [warning] [Decorations] CAPPING events from decorations provider vscode.git 504
[2020-12-05 14:51:22.134] [exthost] [warning] [Decorations] CAPPING events from decorations provider vscode.git 504
[2020-12-05 14:51:40.375] [exthost] [warning] [Decorations] CAPPING events from decorations provider vscode.git 504
[2020-12-05 14:52:13.641] [exthost] [warning] [Decorations] CAPPING events from decorations provider vscode.git 504
[2020-12-05 14:52:18.870] [exthost] [warning] [Decorations] CAPPING events from decorations provider vscode.git 505
[2020-12-05 14:52:27.717] [exthost] [warning] [Decorations] CAPPING events from decorations provider vscode.git 505
[2020-12-05 14:52:32.797] [exthost] [warning] [Decorations] CAPPING events from decorations provider vscode.git 504
[2020-12-05 14:53:31.650] [exthost] [warning] [Decorations] CAPPING events from decorations provider vscode.git 504
[2020-12-05 14:53:36.724] [exthost] [warning] [Decorations] CAPPING events from decorations provider vscode.git 504
[2020-12-05 14:54:55.435] [exthost] [warning] [Decorations] CAPPING events from decorations provider vscode.git 504
[2020-12-05 14:55:10.439] [exthost] [warning] [Decorations] CAPPING events from decorations provider vscode.git 504
[2020-12-05 14:55:15.517] [exthost] [warning] [Decorations] CAPPING events from decorations provider vscode.git 504
[2020-12-05 14:56:23.418] [exthost] [warning] [Decorations] CAPPING events from decorations provider vscode.git 504
[2020-12-05 14:56:28.493] [exthost] [warning] [Decorations] CAPPING events from decorations provider vscode.git 505
[2020-12-05 14:56:44.479] [exthost] [warning] [Decorations] CAPPING events from decorations provider vscode.git 505
[2020-12-05 14:57:08.879] [exthost] [warning] [Decorations] CAPPING events from decorations provider vscode.git 504
[2020-12-05 14:57:50.179] [exthost] [warning] [Decorations] CAPPING events from decorations provider vscode.git 504
[2020-12-05 14:58:15.531] [exthost] [warning] [Decorations] CAPPING events from decorations provider vscode.git 504
[2020-12-05 15:00:09.237] [exthost] [warning] [Decorations] CAPPING events from decorations provider vscode.git 504
[2020-12-05 15:00:44.770] [exthost] [warning] [Decorations] CAPPING events from decorations provider vscode.git 504
[2020-12-05 15:01:34.575] [exthost] [warning] [Decorations] CAPPING events from decorations provider vscode.git 504
[2020-12-05 15:02:21.013] [exthost] [warning] [Decorations] CAPPING events from decorations provider vscode.git 504
[2020-12-05 15:02:26.111] [exthost] [warning] [Decorations] CAPPING events from decorations provider vscode.git 504
[2020-12-05 15:03:13.369] [exthost] [warning] [Decorations] CAPPING events from decorations provider vscode.git 504
[2020-12-05 15:03:36.402] [exthost] [warning] [Decorations] CAPPING events from decorations provider vscode.git 504
[2020-12-05 15:03:41.492] [exthost] [warning] [Decorations] CAPPING events from decorations provider vscode.git 504
[2020-12-05 15:03:58.082] [exthost] [warning] [Decorations] CAPPING events from decorations provider vscode.git 504
[2020-12-05 15:04:06.945] [exthost] [warning] [Decorations] CAPPING events from decorations provider vscode.git 504
[2020-12-05 15:04:12.018] [exthost] [warning] [Decorations] CAPPING events from decorations provider vscode.git 505
[2020-12-05 15:04:17.729] [exthost] [warning] [Decorations] CAPPING events from decorations provider vscode.git 505
[2020-12-05 15:04:43.373] [exthost] [warning] [Decorations] CAPPING events from decorations provider vscode.git 504
[2020-12-05 15:04:48.467] [exthost] [warning] [Decorations] CAPPING events from decorations provider vscode.git 504
[2020-12-05 15:05:01.580] [exthost] [warning] [Decorations] CAPPING events from decorations provider vscode.git 504
[2020-12-05 15:05:22.071] [exthost] [warning] [Decorations] CAPPING events from decorations provider vscode.git 504
[2020-12-05 15:05:27.282] [exthost] [warning] [Decorations] CAPPING events from decorations provider vscode.git 504
[2020-12-05 15:05:34.491] [exthost] [warning] [Decorations] CAPPING events from decorations provider vscode.git 504
[2020-12-05 15:06:26.949] [exthost] [warning] [Decorations] CAPPING events from decorations provider vscode.git 504
[2020-12-05 15:07:00.206] [exthost] [warning] [Decorations] CAPPING events from decorations provider vscode.git 504
[2020-12-05 15:08:00.815] [exthost] [warning] [Decorations] CAPPING events from decorations provider vscode.git 504
[2020-12-05 15:08:30.933] [exthost] [warning] [Decorations] CAPPING events from decorations provider vscode.git 504
[2020-12-05 15:09:01.460] [exthost] [warning] [Decorations] CAPPING events from decorations provider vscode.git 504
[2020-12-05 15:09:11.964] [exthost] [warning] [Decorations] CAPPING events from decorations provider vscode.git 504
[2020-12-05 15:09:17.079] [exthost] [warning] [Decorations] CAPPING events from decorations provider vscode.git 505
[2020-12-05 15:12:20.414] [exthost] [warning] [Decorations] CAPPING events from decorations provider vscode.git 505
[2020-12-05 15:12:25.478] [exthost] [warning] [Decorations] CAPPING events from decorations provider vscode.git 504
[2020-12-05 15:19:59.267] [exthost] [warning] [Decorations] CAPPING events from decorations provider vscode.git 504
[2020-12-05 15:20:04.401] [exthost] [warning] [Decorations] CAPPING events from decorations provider vscode.git 504
[2020-12-05 15:20:19.017] [exthost] [warning] [Decorations] CAPPING events from decorations provider vscode.git 504
[2020-12-05 15:20:25.390] [exthost] [warning] [Decorations] CAPPING events from decorations provider vscode.git 504
[2020-12-05 15:20:37.005] [exthost] [warning] [Decorations] CAPPING events from decorations provider vscode.git 504
[2020-12-05 15:21:51.376] [exthost] [warning] [Decorations] CAPPING events from decorations provider vscode.git 504
[2020-12-05 15:21:56.506] [exthost] [warning] [Decorations] CAPPING events from decorations provider vscode.git 504
[2020-12-05 15:22:49.549] [exthost] [warning] [Decorations] CAPPING events from decorations provider vscode.git 504
[2020-12-05 15:23:02.354] [exthost] [warning] [Decorations] CAPPING events from decorations provider vscode.git 504
[2020-12-05 15:23:18.312] [exthost] [warning] [Decorations] CAPPING events from decorations provider vscode.git 504
[2020-12-05 15:23:31.470] [exthost] [warning] [Decorations] CAPPING events from decorations provider vscode.git 504
[2020-12-05 15:23:47.360] [exthost] [warning] [Decorations] CAPPING events from decorations provider vscode.git 504
[2020-12-05 15:24:54.463] [exthost] [warning] [Decorations] CAPPING events from decorations provider vscode.git 504
[2020-12-05 15:25:07.701] [exthost] [warning] [Decorations] CAPPING events from decorations provider vscode.git 504
[2020-12-05 15:25:22.014] [exthost] [warning] [Decorations] CAPPING events from decorations provider vscode.git 504
[2020-12-05 15:25:36.186] [exthost] [warning] [Decorations] CAPPING events from decorations provider vscode.git 504
[2020-12-05 15:25:41.257] [exthost] [warning] [Decorations] CAPPING events from decorations provider vscode.git 504
[2020-12-05 15:26:01.521] [exthost] [warning] [Decorations] CAPPING events from decorations provider vscode.git 504
[2020-12-05 15:26:21.649] [exthost] [warning] [Decorations] CAPPING events from decorations provider vscode.git 504
[2020-12-05 15:27:06.229] [exthost] [warning] [Decorations] CAPPING events from decorations provider vscode.git 504
[2020-12-05 15:27:17.315] [exthost] [warning] [Decorations] CAPPING events from decorations provider vscode.git 504
[2020-12-05 15:27:22.421] [exthost] [warning] [Decorations] CAPPING events from decorations provider vscode.git 504
[2020-12-05 15:27:36.908] [exthost] [warning] [Decorations] CAPPING events from decorations provider vscode.git 504
[2020-12-05 15:27:42.321] [exthost] [warning] [Decorations] CAPPING events from decorations provider vscode.git 504
[2020-12-05 15:27:59.994] [exthost] [warning] [Decorations] CAPPING events from decorations provider vscode.git 504
[2020-12-05 15:29:50.250] [exthost] [warning] [Decorations] CAPPING events from decorations provider vscode.git 504
[2020-12-05 15:55:08.819] [exthost] [info] ExtensionService#_doActivateExtension vscode.configuration-editing {"startup":false,"extensionId":{"value":"vscode.configuration-editing","_lower":"vscode.configuration-editing"},"activationEvent":"onLanguage:jsonc"}
[2020-12-05 15:55:08.830] [exthost] [info] ExtensionService#loadCommonJSModule file:///snap/code/50/usr/share/code/resources/app/extensions/configuration-editing/dist/configurationEditingMain
[2020-12-05 15:55:08.879] [exthost] [info] ExtensionService#_doActivateExtension vscode.json-language-features {"startup":false,"extensionId":{"value":"vscode.json-language-features","_lower":"vscode.json-language-features"},"activationEvent":"onLanguage:jsonc"}
[2020-12-05 15:55:08.879] [exthost] [info] ExtensionService#loadCommonJSModule file:///snap/code/50/usr/share/code/resources/app/extensions/json-language-features/client/dist/node/jsonClientMain
